{"/home/travis/build/npmtest/node-npmtest-watchr/test.js":{"path":"/home/travis/build/npmtest/node-npmtest-watchr/test.js","s":{"1":2,"2":2,"3":2,"4":2,"5":2,"6":2,"7":2,"8":1,"9":2,"10":2,"11":1,"12":1,"13":1,"14":1,"15":2,"16":2,"17":2,"18":2,"19":1,"20":1,"21":2,"22":2,"23":2,"24":1,"25":1,"26":1,"27":1,"28":1,"29":1,"30":1,"31":1,"32":1,"33":1,"34":1,"35":1,"36":1,"37":1,"38":1,"39":2,"40":2,"41":1,"42":2,"43":2,"44":1,"45":2,"46":2,"47":1,"48":2,"49":2,"50":1,"51":1,"52":1,"53":1,"54":1},"b":{"1":[2,1,1,1],"2":[1,1,1,1],"3":[1,1],"4":[1,1],"5":[1,1],"6":[1,1],"7":[1,1],"8":[1,1],"9":[1,1],"10":[1,1,1],"11":[1,1],"12":[1,1],"13":[1,1],"14":[1,1],"15":[1,1],"16":[1,1],"17":[1,1]},"f":{"1":2,"2":2,"3":2,"4":2,"5":2,"6":1,"7":1,"8":1,"9":2,"10":2,"11":2,"12":2,"13":1},"fnMap":{"1":{"name":"(anonymous_1)","line":12,"loc":{"start":{"line":12,"column":1},"end":{"line":12,"column":13}}},"2":{"name":"(anonymous_2)","line":19,"loc":{"start":{"line":19,"column":5},"end":{"line":19,"column":17}}},"3":{"name":"(anonymous_3)","line":23,"loc":{"start":{"line":23,"column":24},"end":{"line":23,"column":36}}},"4":{"name":"(anonymous_4)","line":61,"loc":{"start":{"line":61,"column":5},"end":{"line":61,"column":17}}},"5":{"name":"(anonymous_5)","line":82,"loc":{"start":{"line":82,"column":5},"end":{"line":82,"column":17}}},"6":{"name":"(anonymous_6)","line":91,"loc":{"start":{"line":91,"column":77},"end":{"line":94,"column":10}}},"7":{"name":"(anonymous_7)","line":112,"loc":{"start":{"line":112,"column":83},"end":{"line":115,"column":10}},"skip":true},"8":{"name":"(anonymous_8)","line":123,"loc":{"start":{"line":123,"column":77},"end":{"line":126,"column":10}},"skip":true},"9":{"name":"(anonymous_9)","line":139,"loc":{"start":{"line":139,"column":12},"end":{"line":139,"column":40}},"skip":true},"10":{"name":"(anonymous_10)","line":147,"loc":{"start":{"line":147,"column":77},"end":{"line":150,"column":10}},"skip":true},"11":{"name":"(anonymous_11)","line":158,"loc":{"start":{"line":158,"column":83},"end":{"line":161,"column":10}},"skip":true},"12":{"name":"(anonymous_12)","line":169,"loc":{"start":{"line":169,"column":79},"end":{"line":172,"column":10}},"skip":true},"13":{"name":"(anonymous_13)","line":180,"loc":{"start":{"line":180,"column":75},"end":{"line":183,"column":10}},"skip":true}},"statementMap":{"1":{"start":{"line":12,"column":0},"end":{"line":195,"column":5}},"2":{"start":{"line":14,"column":4},"end":{"line":14,"column":14}},"3":{"start":{"line":19,"column":4},"end":{"line":56,"column":9}},"4":{"start":{"line":21,"column":8},"end":{"line":21,"column":19}},"5":{"start":{"line":23,"column":8},"end":{"line":35,"column":13}},"6":{"start":{"line":24,"column":12},"end":{"line":34,"column":13}},"7":{"start":{"line":25,"column":16},"end":{"line":28,"column":30}},"8":{"start":{"line":30,"column":16},"end":{"line":33,"column":27}},"9":{"start":{"line":37,"column":8},"end":{"line":39,"column":21}},"10":{"start":{"line":40,"column":8},"end":{"line":53,"column":9}},"11":{"start":{"line":43,"column":12},"end":{"line":46,"column":14}},"12":{"start":{"line":47,"column":12},"end":{"line":47,"column":18}},"13":{"start":{"line":50,"column":12},"end":{"line":51,"column":33}},"14":{"start":{"line":52,"column":12},"end":{"line":52,"column":18}},"15":{"start":{"line":55,"column":8},"end":{"line":55,"column":35}},"16":{"start":{"line":61,"column":4},"end":{"line":63,"column":9}},"17":{"start":{"line":62,"column":8},"end":{"line":62,"column":15}},"18":{"start":{"line":64,"column":4},"end":{"line":77,"column":5}},"19":{"start":{"line":70,"column":8},"end":{"line":70,"column":14}},"20":{"start":{"line":76,"column":8},"end":{"line":76,"column":14}},"21":{"start":{"line":82,"column":4},"end":{"line":84,"column":9}},"22":{"start":{"line":83,"column":8},"end":{"line":83,"column":15}},"23":{"start":{"line":85,"column":4},"end":{"line":194,"column":5}},"24":{"start":{"line":91,"column":8},"end":{"line":99,"column":10}},"25":{"start":{"line":98,"column":12},"end":{"line":98,"column":35}},"26":{"start":{"line":102,"column":8},"end":{"line":104,"column":63}},"27":{"start":{"line":105,"column":8},"end":{"line":105,"column":14}},"28":{"start":{"line":112,"column":8},"end":{"line":121,"column":10},"skip":true},"29":{"start":{"line":119,"column":12},"end":{"line":119,"column":55},"skip":true},"30":{"start":{"line":120,"column":12},"end":{"line":120,"column":48},"skip":true},"31":{"start":{"line":123,"column":8},"end":{"line":136,"column":10},"skip":true},"32":{"start":{"line":130,"column":12},"end":{"line":130,"column":76},"skip":true},"33":{"start":{"line":131,"column":12},"end":{"line":131,"column":73},"skip":true},"34":{"start":{"line":132,"column":12},"end":{"line":132,"column":74},"skip":true},"35":{"start":{"line":133,"column":12},"end":{"line":133,"column":79},"skip":true},"36":{"start":{"line":134,"column":12},"end":{"line":134,"column":25},"skip":true},"37":{"start":{"line":135,"column":12},"end":{"line":135,"column":45},"skip":true},"38":{"start":{"line":138,"column":8},"end":{"line":145,"column":14},"skip":true},"39":{"start":{"line":143,"column":16},"end":{"line":143,"column":29},"skip":true},"40":{"start":{"line":144,"column":16},"end":{"line":144,"column":55},"skip":true},"41":{"start":{"line":147,"column":8},"end":{"line":156,"column":10},"skip":true},"42":{"start":{"line":154,"column":12},"end":{"line":154,"column":25},"skip":true},"43":{"start":{"line":155,"column":12},"end":{"line":155,"column":45},"skip":true},"44":{"start":{"line":158,"column":8},"end":{"line":167,"column":10},"skip":true},"45":{"start":{"line":165,"column":12},"end":{"line":165,"column":25},"skip":true},"46":{"start":{"line":166,"column":12},"end":{"line":166,"column":48},"skip":true},"47":{"start":{"line":169,"column":8},"end":{"line":178,"column":10},"skip":true},"48":{"start":{"line":176,"column":12},"end":{"line":176,"column":25},"skip":true},"49":{"start":{"line":177,"column":12},"end":{"line":177,"column":46},"skip":true},"50":{"start":{"line":180,"column":8},"end":{"line":189,"column":10},"skip":true},"51":{"start":{"line":187,"column":12},"end":{"line":187,"column":94},"skip":true},"52":{"start":{"line":188,"column":12},"end":{"line":188,"column":48},"skip":true},"53":{"start":{"line":192,"column":8},"end":{"line":192,"column":35},"skip":true},"54":{"start":{"line":193,"column":8},"end":{"line":193,"column":14},"skip":true}},"branchMap":{"1":{"line":25,"type":"binary-expr","locations":[{"start":{"line":25,"column":23},"end":{"line":25,"column":62}},{"start":{"line":26,"column":20},"end":{"line":26,"column":70}},{"start":{"line":27,"column":20},"end":{"line":27,"column":71}},{"start":{"line":28,"column":20},"end":{"line":28,"column":29}}]},"2":{"line":30,"type":"binary-expr","locations":[{"start":{"line":30,"column":23},"end":{"line":30,"column":37}},{"start":{"line":31,"column":20},"end":{"line":31,"column":61}},{"start":{"line":32,"column":20},"end":{"line":32,"column":70}},{"start":{"line":33,"column":20},"end":{"line":33,"column":26}}]},"3":{"line":37,"type":"cond-expr","locations":[{"start":{"line":38,"column":14},"end":{"line":38,"column":20}},{"start":{"line":39,"column":14},"end":{"line":39,"column":20}}]},"4":{"line":40,"type":"switch","locations":[{"start":{"line":42,"column":8},"end":{"line":47,"column":18}},{"start":{"line":49,"column":8},"end":{"line":52,"column":18}}]},"5":{"line":44,"type":"binary-expr","locations":[{"start":{"line":44,"column":16},"end":{"line":44,"column":44}},{"start":{"line":44,"column":48},"end":{"line":44,"column":66}}]},"6":{"line":50,"type":"binary-expr","locations":[{"start":{"line":50,"column":21},"end":{"line":50,"column":49}},{"start":{"line":50,"column":53},"end":{"line":50,"column":72}}]},"7":{"line":64,"type":"switch","locations":[{"start":{"line":69,"column":4},"end":{"line":70,"column":14}},{"start":{"line":75,"column":4},"end":{"line":76,"column":14}}]},"8":{"line":85,"type":"switch","locations":[{"start":{"line":90,"column":4},"end":{"line":105,"column":14}},{"start":{"line":111,"column":4},"end":{"line":193,"column":14},"skip":true}]},"9":{"line":91,"type":"binary-expr","locations":[{"start":{"line":91,"column":42},"end":{"line":91,"column":73}},{"start":{"line":91,"column":77},"end":{"line":99,"column":9}}]},"10":{"line":102,"type":"binary-expr","locations":[{"start":{"line":102,"column":18},"end":{"line":102,"column":32}},{"start":{"line":103,"column":12},"end":{"line":103,"column":53}},{"start":{"line":104,"column":12},"end":{"line":104,"column":61}}]},"11":{"line":112,"type":"binary-expr","locations":[{"start":{"line":112,"column":45},"end":{"line":112,"column":79},"skip":true},{"start":{"line":112,"column":83},"end":{"line":121,"column":9},"skip":true}]},"12":{"line":123,"type":"binary-expr","locations":[{"start":{"line":123,"column":42},"end":{"line":123,"column":73},"skip":true},{"start":{"line":123,"column":77},"end":{"line":136,"column":9},"skip":true}]},"13":{"line":138,"type":"binary-expr","locations":[{"start":{"line":138,"column":48},"end":{"line":138,"column":85},"skip":true},{"start":{"line":139,"column":12},"end":{"line":145,"column":13},"skip":true}]},"14":{"line":147,"type":"binary-expr","locations":[{"start":{"line":147,"column":42},"end":{"line":147,"column":73},"skip":true},{"start":{"line":147,"column":77},"end":{"line":156,"column":9},"skip":true}]},"15":{"line":158,"type":"binary-expr","locations":[{"start":{"line":158,"column":45},"end":{"line":158,"column":79},"skip":true},{"start":{"line":158,"column":83},"end":{"line":167,"column":9},"skip":true}]},"16":{"line":169,"type":"binary-expr","locations":[{"start":{"line":169,"column":43},"end":{"line":169,"column":75},"skip":true},{"start":{"line":169,"column":79},"end":{"line":178,"column":9},"skip":true}]},"17":{"line":180,"type":"binary-expr","locations":[{"start":{"line":180,"column":41},"end":{"line":180,"column":71},"skip":true},{"start":{"line":180,"column":75},"end":{"line":189,"column":9},"skip":true}]}},"code":["/* istanbul instrument in package npmtest_watchr */","/*jslint","    bitwise: true,","    browser: true,","    maxerr: 8,","    maxlen: 96,","    node: true,","    nomen: true,","    regexp: true,","    stupid: true","*/","(function () {","    'use strict';","    var local;","","","","    // run shared js-env code - pre-init","    (function () {","        // init local","        local = {};","        // init modeJs","        local.modeJs = (function () {","            try {","                return typeof navigator.userAgent === 'string' &&","                    typeof document.querySelector('body') === 'object' &&","                    typeof XMLHttpRequest.prototype.open === 'function' &&","                    'browser';","            } catch (errorCaughtBrowser) {","                return module.exports &&","                    typeof process.versions.node === 'string' &&","                    typeof require('http').createServer === 'function' &&","                    'node';","            }","        }());","        // init global","        local.global = local.modeJs === 'browser'","            ? window","            : global;","        switch (local.modeJs) {","        // re-init local from window.local","        case 'browser':","            local = local.global.utility2.objectSetDefault(","                local.global.utility2_rollup || local.global.local,","                local.global.utility2","            );","            break;","        // re-init local from example.js","        case 'node':","            local = (local.global.utility2_rollup || require('utility2'))","                .requireReadme();","            break;","        }","        // export local","        local.global.local = local;","    }());","","","","    // run shared js-env code - function","    (function () {","        return;","    }());","    switch (local.modeJs) {","","","","    // run browser js-env code - function","    case 'browser':","        break;","","","","    // run node js-env code - function","    case 'node':","        break;","    }","","","","    // run shared js-env code - post-init","    (function () {","        return;","    }());","    switch (local.modeJs) {","","","","    // run browser js-env code - post-init","    case 'browser':","        local.testCase_browser_nullCase = local.testCase_browser_nullCase || function (","            options,","            onError","        ) {","        /*","         * this function will test browsers's null-case handling-behavior-behavior","         */","            onError(null, options);","        };","","        // run tests","        local.nop(local.modeTest &&","            document.querySelector('#testRunButton1') &&","            document.querySelector('#testRunButton1').click());","        break;","","","","    // run node js-env code - post-init","    /* istanbul ignore next */","    case 'node':","        local.testCase_buildApidoc_default = local.testCase_buildApidoc_default || function (","            options,","            onError","        ) {","        /*","         * this function will test buildApidoc's default handling-behavior-behavior","         */","            options = { modulePathList: module.paths };","            local.buildApidoc(options, onError);","        };","","        local.testCase_buildApp_default = local.testCase_buildApp_default || function (","            options,","            onError","        ) {","        /*","         * this function will test buildApp's default handling-behavior-behavior","         */","            local.testCase_buildReadme_default(options, local.onErrorThrow);","            local.testCase_buildLib_default(options, local.onErrorThrow);","            local.testCase_buildTest_default(options, local.onErrorThrow);","            local.testCase_buildCustomOrg_default(options, local.onErrorThrow);","            options = [];","            local.buildApp(options, onError);","        };","","        local.testCase_buildCustomOrg_default = local.testCase_buildCustomOrg_default ||","            function (options, onError) {","            /*","             * this function will test buildCustomOrg's default handling-behavior","             */","                options = {};","                local.buildCustomOrg(options, onError);","            };","","        local.testCase_buildLib_default = local.testCase_buildLib_default || function (","            options,","            onError","        ) {","        /*","         * this function will test buildLib's default handling-behavior","         */","            options = {};","            local.buildLib(options, onError);","        };","","        local.testCase_buildReadme_default = local.testCase_buildReadme_default || function (","            options,","            onError","        ) {","        /*","         * this function will test buildReadme's default handling-behavior-behavior","         */","            options = {};","            local.buildReadme(options, onError);","        };","","        local.testCase_buildTest_default = local.testCase_buildTest_default || function (","            options,","            onError","        ) {","        /*","         * this function will test buildTest's default handling-behavior","         */","            options = {};","            local.buildTest(options, onError);","        };","","        local.testCase_webpage_default = local.testCase_webpage_default || function (","            options,","            onError","        ) {","        /*","         * this function will test webpage's default handling-behavior","         */","            options = { modeCoverageMerge: true, url: local.serverLocalHost + '?modeTest=1' };","            local.browserTest(options, onError);","        };","","        // run test-server","        local.testRunServer(local);","        break;","    }","}());",""],"l":{"12":2,"14":2,"19":2,"21":2,"23":2,"24":2,"25":2,"30":1,"37":2,"40":2,"43":1,"47":1,"50":1,"52":1,"55":2,"61":2,"62":2,"64":2,"70":1,"76":1,"82":2,"83":2,"85":2,"91":1,"98":1,"102":1,"105":1,"112":1,"119":1,"120":1,"123":1,"130":1,"131":1,"132":1,"133":1,"134":1,"135":1,"138":1,"143":2,"144":2,"147":1,"154":2,"155":2,"158":1,"165":2,"166":2,"169":1,"176":2,"177":2,"180":1,"187":1,"188":1,"192":1,"193":1}},"/home/travis/build/npmtest/node-npmtest-watchr/lib.npmtest_watchr.js":{"path":"/home/travis/build/npmtest/node-npmtest-watchr/lib.npmtest_watchr.js","s":{"1":2,"2":2,"3":2,"4":2,"5":2,"6":2,"7":2,"8":1,"9":2,"10":2,"11":2,"12":2,"13":1,"14":1,"15":1,"16":1},"b":{"1":[2,1,1,1],"2":[1,1,1,1],"3":[1,1],"4":[2,2],"5":[1,1]},"f":{"1":2,"2":2,"3":2},"fnMap":{"1":{"name":"(anonymous_1)","line":12,"loc":{"start":{"line":12,"column":1},"end":{"line":12,"column":13}}},"2":{"name":"(anonymous_2)","line":19,"loc":{"start":{"line":19,"column":5},"end":{"line":19,"column":17}}},"3":{"name":"(anonymous_3)","line":23,"loc":{"start":{"line":23,"column":24},"end":{"line":23,"column":36}}}},"statementMap":{"1":{"start":{"line":12,"column":0},"end":{"line":53,"column":5}},"2":{"start":{"line":14,"column":4},"end":{"line":14,"column":14}},"3":{"start":{"line":19,"column":4},"end":{"line":52,"column":9}},"4":{"start":{"line":21,"column":8},"end":{"line":21,"column":19}},"5":{"start":{"line":23,"column":8},"end":{"line":35,"column":13}},"6":{"start":{"line":24,"column":12},"end":{"line":34,"column":13}},"7":{"start":{"line":25,"column":16},"end":{"line":28,"column":30}},"8":{"start":{"line":30,"column":16},"end":{"line":33,"column":27}},"9":{"start":{"line":37,"column":8},"end":{"line":39,"column":21}},"10":{"start":{"line":41,"column":8},"end":{"line":41,"column":54}},"11":{"start":{"line":43,"column":8},"end":{"line":43,"column":51}},"12":{"start":{"line":45,"column":8},"end":{"line":51,"column":9}},"13":{"start":{"line":46,"column":12},"end":{"line":46,"column":57}},"14":{"start":{"line":48,"column":12},"end":{"line":48,"column":35}},"15":{"start":{"line":49,"column":12},"end":{"line":49,"column":49}},"16":{"start":{"line":50,"column":12},"end":{"line":50,"column":43}}},"branchMap":{"1":{"line":25,"type":"binary-expr","locations":[{"start":{"line":25,"column":23},"end":{"line":25,"column":62}},{"start":{"line":26,"column":20},"end":{"line":26,"column":70}},{"start":{"line":27,"column":20},"end":{"line":27,"column":71}},{"start":{"line":28,"column":20},"end":{"line":28,"column":29}}]},"2":{"line":30,"type":"binary-expr","locations":[{"start":{"line":30,"column":23},"end":{"line":30,"column":37}},{"start":{"line":31,"column":20},"end":{"line":31,"column":61}},{"start":{"line":32,"column":20},"end":{"line":32,"column":70}},{"start":{"line":33,"column":20},"end":{"line":33,"column":26}}]},"3":{"line":37,"type":"cond-expr","locations":[{"start":{"line":38,"column":14},"end":{"line":38,"column":20}},{"start":{"line":39,"column":14},"end":{"line":39,"column":20}}]},"4":{"line":41,"type":"binary-expr","locations":[{"start":{"line":41,"column":16},"end":{"line":41,"column":44}},{"start":{"line":41,"column":48},"end":{"line":41,"column":53}}]},"5":{"line":45,"type":"if","locations":[{"start":{"line":45,"column":8},"end":{"line":45,"column":8}},{"start":{"line":45,"column":8},"end":{"line":45,"column":8}}]}},"code":["/* istanbul instrument in package npmtest_watchr */","/*jslint","    bitwise: true,","    browser: true,","    maxerr: 8,","    maxlen: 96,","    node: true,","    nomen: true,","    regexp: true,","    stupid: true","*/","(function () {","    'use strict';","    var local;","","","","    // run shared js-env code - pre-init","    (function () {","        // init local","        local = {};","        // init modeJs","        local.modeJs = (function () {","            try {","                return typeof navigator.userAgent === 'string' &&","                    typeof document.querySelector('body') === 'object' &&","                    typeof XMLHttpRequest.prototype.open === 'function' &&","                    'browser';","            } catch (errorCaughtBrowser) {","                return module.exports &&","                    typeof process.versions.node === 'string' &&","                    typeof require('http').createServer === 'function' &&","                    'node';","            }","        }());","        // init global","        local.global = local.modeJs === 'browser'","            ? window","            : global;","        // init utility2_rollup","        local = local.global.utility2_rollup || local;","        // init lib","        local.local = local.npmtest_watchr = local;","        // init exports","        if (local.modeJs === 'browser') {","            local.global.utility2_npmtest_watchr = local;","        } else {","            module.exports = local;","            module.exports.__dirname = __dirname;","            module.exports.module = module;","        }","    }());","}());",""],"l":{"12":2,"14":2,"19":2,"21":2,"23":2,"24":2,"25":2,"30":1,"37":2,"41":2,"43":2,"45":2,"46":1,"48":1,"49":1,"50":1}},"/home/travis/build/npmtest/node-npmtest-watchr/example.js":{"path":"/home/travis/build/npmtest/node-npmtest-watchr/example.js","s":{"1":2,"2":2,"3":2,"4":2,"5":2,"6":2,"7":2,"8":1,"9":2,"10":2,"11":2,"12":2,"13":1,"14":2,"15":2,"16":2,"17":2,"18":2,"19":0,"20":2,"21":1,"22":1,"23":1,"24":1,"25":1,"26":0,"27":0,"28":1,"29":1,"30":2,"31":0,"32":0,"33":0,"34":1,"35":2,"36":2,"37":3,"38":3,"39":3,"40":3,"41":0,"42":3,"43":3,"44":3,"45":1,"46":3,"47":1,"48":1,"49":1,"50":1,"51":1,"52":1,"53":1,"54":1,"55":1,"56":1,"57":0,"58":1,"59":6,"60":6,"61":1,"62":2,"63":0,"64":2,"65":1,"66":1,"67":0,"68":0,"69":0,"70":0,"71":0,"72":0,"73":0,"74":0,"75":0,"76":0,"77":0,"78":0,"79":0,"80":0,"81":0,"82":0,"83":0},"b":{"1":[2,1,1,1],"2":[1,1,1,1],"3":[1,1],"4":[2,2],"5":[1,1],"6":[1,1],"7":[2,0],"8":[2,1,1,1,1,1],"9":[0,2,0],"10":[1,1],"11":[2,1,1],"12":[1,0],"13":[0,2],"14":[2,0,0,0,0,0,0],"15":[0,3],"16":[3,0],"17":[1,1],"18":[0,1],"19":[1,2,0,2],"20":[1,0],"21":[1,1],"22":[0,0],"23":[0,0],"24":[0,0],"25":[0,0],"26":[0,0],"27":[0,0],"28":[0,0]},"f":{"1":2,"2":2,"3":2,"4":2,"5":2,"6":2,"7":3,"8":3,"9":3,"10":1,"11":6,"12":0},"fnMap":{"1":{"name":"(anonymous_1)","line":26,"loc":{"start":{"line":26,"column":1},"end":{"line":26,"column":13}}},"2":{"name":"(anonymous_2)","line":33,"loc":{"start":{"line":33,"column":5},"end":{"line":33,"column":17}}},"3":{"name":"(anonymous_3)","line":37,"loc":{"start":{"line":37,"column":24},"end":{"line":37,"column":36}}},"4":{"name":"(anonymous_4)","line":69,"loc":{"start":{"line":69,"column":31},"end":{"line":69,"column":48}},"skip":true},"5":{"name":"(anonymous_5)","line":78,"loc":{"start":{"line":78,"column":26},"end":{"line":78,"column":45}},"skip":true},"6":{"name":"(anonymous_6)","line":123,"loc":{"start":{"line":123,"column":33},"end":{"line":123,"column":48}},"skip":true},"7":{"name":"(anonymous_7)","line":125,"loc":{"start":{"line":125,"column":27},"end":{"line":125,"column":39}},"skip":true},"8":{"name":"(anonymous_8)","line":133,"loc":{"start":{"line":133,"column":59},"end":{"line":133,"column":74}},"skip":true},"9":{"name":"(anonymous_9)","line":143,"loc":{"start":{"line":143,"column":45},"end":{"line":143,"column":62}},"skip":true},"10":{"name":"(anonymous_10)","line":144,"loc":{"start":{"line":144,"column":73},"end":{"line":144,"column":92}},"skip":true},"11":{"name":"(anonymous_11)","line":272,"loc":{"start":{"line":272,"column":51},"end":{"line":272,"column":77}},"skip":true},"12":{"name":"(anonymous_12)","line":315,"loc":{"start":{"line":315,"column":32},"end":{"line":315,"column":61}},"skip":true}},"statementMap":{"1":{"start":{"line":26,"column":0},"end":{"line":326,"column":5}},"2":{"start":{"line":28,"column":4},"end":{"line":28,"column":14}},"3":{"start":{"line":33,"column":4},"end":{"line":60,"column":9}},"4":{"start":{"line":35,"column":8},"end":{"line":35,"column":19}},"5":{"start":{"line":37,"column":8},"end":{"line":49,"column":13}},"6":{"start":{"line":38,"column":12},"end":{"line":48,"column":13}},"7":{"start":{"line":39,"column":16},"end":{"line":42,"column":30}},"8":{"start":{"line":44,"column":16},"end":{"line":47,"column":27}},"9":{"start":{"line":51,"column":8},"end":{"line":53,"column":21}},"10":{"start":{"line":55,"column":8},"end":{"line":57,"column":45}},"11":{"start":{"line":59,"column":8},"end":{"line":59,"column":35}},"12":{"start":{"line":61,"column":4},"end":{"line":325,"column":5}},"13":{"start":{"line":69,"column":8},"end":{"line":121,"column":10},"skip":true},"14":{"start":{"line":70,"column":12},"end":{"line":88,"column":13},"skip":true},"15":{"start":{"line":76,"column":16},"end":{"line":87,"column":19},"skip":true},"16":{"start":{"line":79,"column":20},"end":{"line":86,"column":21},"skip":true},"17":{"start":{"line":82,"column":24},"end":{"line":82,"column":43},"skip":true},"18":{"start":{"line":83,"column":24},"end":{"line":83,"column":30},"skip":true},"19":{"start":{"line":85,"column":24},"end":{"line":85,"column":49},"skip":true},"20":{"start":{"line":89,"column":12},"end":{"line":107,"column":13},"skip":true},"21":{"start":{"line":92,"column":16},"end":{"line":102,"column":17},"skip":true},"22":{"start":{"line":93,"column":20},"end":{"line":93,"column":86},"skip":true},"23":{"start":{"line":94,"column":20},"end":{"line":95,"column":45},"skip":true},"24":{"start":{"line":96,"column":20},"end":{"line":96,"column":42},"skip":true},"25":{"start":{"line":97,"column":20},"end":{"line":97,"column":48},"skip":true},"26":{"start":{"line":100,"column":20},"end":{"line":100,"column":85},"skip":true},"27":{"start":{"line":101,"column":20},"end":{"line":101,"column":96},"skip":true},"28":{"start":{"line":103,"column":16},"end":{"line":103,"column":22},"skip":true},"29":{"start":{"line":106,"column":16},"end":{"line":106,"column":22},"skip":true},"30":{"start":{"line":108,"column":12},"end":{"line":120,"column":13},"skip":true},"31":{"start":{"line":114,"column":16},"end":{"line":119,"column":17},"skip":true},"32":{"start":{"line":116,"column":20},"end":{"line":116,"column":78},"skip":true},"33":{"start":{"line":118,"column":20},"end":{"line":118,"column":47},"skip":true},"34":{"start":{"line":123,"column":8},"end":{"line":141,"column":11},"skip":true},"35":{"start":{"line":124,"column":12},"end":{"line":124,"column":54},"skip":true},"36":{"start":{"line":125,"column":12},"end":{"line":140,"column":14},"skip":true},"37":{"start":{"line":126,"column":16},"end":{"line":126,"column":28},"skip":true},"38":{"start":{"line":127,"column":16},"end":{"line":127,"column":69},"skip":true},"39":{"start":{"line":128,"column":16},"end":{"line":128,"column":75},"skip":true},"40":{"start":{"line":129,"column":16},"end":{"line":131,"column":17},"skip":true},"41":{"start":{"line":130,"column":20},"end":{"line":130,"column":27},"skip":true},"42":{"start":{"line":133,"column":16},"end":{"line":137,"column":36},"skip":true},"43":{"start":{"line":134,"column":20},"end":{"line":136,"column":55},"skip":true},"44":{"start":{"line":139,"column":16},"end":{"line":139,"column":57},"skip":true},"45":{"start":{"line":143,"column":8},"end":{"line":147,"column":11},"skip":true},"46":{"start":{"line":144,"column":12},"end":{"line":146,"column":15},"skip":true},"47":{"start":{"line":145,"column":16},"end":{"line":145,"column":70},"skip":true},"48":{"start":{"line":149,"column":8},"end":{"line":149,"column":31},"skip":true},"49":{"start":{"line":150,"column":8},"end":{"line":150,"column":14},"skip":true},"50":{"start":{"line":158,"column":8},"end":{"line":158,"column":31},"skip":true},"51":{"start":{"line":160,"column":8},"end":{"line":160,"column":33},"skip":true},"52":{"start":{"line":161,"column":8},"end":{"line":161,"column":37},"skip":true},"53":{"start":{"line":162,"column":8},"end":{"line":162,"column":35},"skip":true},"54":{"start":{"line":164,"column":8},"end":{"line":164,"column":50},"skip":true},"55":{"start":{"line":166,"column":8},"end":{"line":256,"column":2},"skip":true},"56":{"start":{"line":258,"column":8},"end":{"line":286,"column":9},"skip":true},"57":{"start":{"line":259,"column":12},"end":{"line":269,"column":14},"skip":true},"58":{"start":{"line":271,"column":12},"end":{"line":285,"column":19},"skip":true},"59":{"start":{"line":274,"column":20},"end":{"line":274,"column":35},"skip":true},"60":{"start":{"line":275,"column":20},"end":{"line":284,"column":21},"skip":true},"61":{"start":{"line":277,"column":24},"end":{"line":277,"column":64},"skip":true},"62":{"start":{"line":279,"column":24},"end":{"line":279,"column":40},"skip":true},"63":{"start":{"line":281,"column":24},"end":{"line":281,"column":40},"skip":true},"64":{"start":{"line":283,"column":24},"end":{"line":283,"column":39},"skip":true},"65":{"start":{"line":288,"column":8},"end":{"line":290,"column":9},"skip":true},"66":{"start":{"line":289,"column":12},"end":{"line":289,"column":18},"skip":true},"67":{"start":{"line":291,"column":8},"end":{"line":293,"column":54},"skip":true},"68":{"start":{"line":296,"column":8},"end":{"line":301,"column":37},"skip":true},"69":{"start":{"line":303,"column":8},"end":{"line":303,"column":82},"skip":true},"70":{"start":{"line":306,"column":8},"end":{"line":308,"column":9},"skip":true},"71":{"start":{"line":307,"column":12},"end":{"line":307,"column":82},"skip":true},"72":{"start":{"line":310,"column":8},"end":{"line":312,"column":9},"skip":true},"73":{"start":{"line":311,"column":12},"end":{"line":311,"column":18},"skip":true},"74":{"start":{"line":313,"column":8},"end":{"line":313,"column":54},"skip":true},"75":{"start":{"line":314,"column":8},"end":{"line":314,"column":69},"skip":true},"76":{"start":{"line":315,"column":8},"end":{"line":323,"column":36},"skip":true},"77":{"start":{"line":316,"column":12},"end":{"line":316,"column":61},"skip":true},"78":{"start":{"line":317,"column":12},"end":{"line":320,"column":13},"skip":true},"79":{"start":{"line":318,"column":16},"end":{"line":318,"column":75},"skip":true},"80":{"start":{"line":319,"column":16},"end":{"line":319,"column":23},"skip":true},"81":{"start":{"line":321,"column":12},"end":{"line":321,"column":38},"skip":true},"82":{"start":{"line":322,"column":12},"end":{"line":322,"column":27},"skip":true},"83":{"start":{"line":324,"column":8},"end":{"line":324,"column":14},"skip":true}},"branchMap":{"1":{"line":39,"type":"binary-expr","locations":[{"start":{"line":39,"column":23},"end":{"line":39,"column":62}},{"start":{"line":40,"column":20},"end":{"line":40,"column":70}},{"start":{"line":41,"column":20},"end":{"line":41,"column":71}},{"start":{"line":42,"column":20},"end":{"line":42,"column":29}}]},"2":{"line":44,"type":"binary-expr","locations":[{"start":{"line":44,"column":23},"end":{"line":44,"column":37}},{"start":{"line":45,"column":20},"end":{"line":45,"column":61}},{"start":{"line":46,"column":20},"end":{"line":46,"column":70}},{"start":{"line":47,"column":20},"end":{"line":47,"column":26}}]},"3":{"line":51,"type":"cond-expr","locations":[{"start":{"line":52,"column":14},"end":{"line":52,"column":20}},{"start":{"line":53,"column":14},"end":{"line":53,"column":20}}]},"4":{"line":55,"type":"binary-expr","locations":[{"start":{"line":55,"column":16},"end":{"line":55,"column":44}},{"start":{"line":55,"column":49},"end":{"line":57,"column":43}}]},"5":{"line":55,"type":"cond-expr","locations":[{"start":{"line":56,"column":14},"end":{"line":56,"column":50}},{"start":{"line":57,"column":14},"end":{"line":57,"column":43}}]},"6":{"line":61,"type":"switch","locations":[{"start":{"line":68,"column":4},"end":{"line":150,"column":14},"skip":true},{"start":{"line":156,"column":4},"end":{"line":324,"column":14},"skip":true}]},"7":{"line":70,"type":"if","locations":[{"start":{"line":70,"column":12},"end":{"line":70,"column":12},"skip":true},{"start":{"line":70,"column":12},"end":{"line":70,"column":12},"skip":true}]},"8":{"line":70,"type":"binary-expr","locations":[{"start":{"line":70,"column":16},"end":{"line":70,"column":22},"skip":true},{"start":{"line":70,"column":27},"end":{"line":70,"column":32},"skip":true},{"start":{"line":71,"column":20},"end":{"line":71,"column":39},"skip":true},{"start":{"line":72,"column":20},"end":{"line":72,"column":49},"skip":true},{"start":{"line":73,"column":20},"end":{"line":73,"column":58},"skip":true},{"start":{"line":74,"column":20},"end":{"line":74,"column":69},"skip":true}]},"9":{"line":79,"type":"switch","locations":[{"start":{"line":80,"column":20},"end":{"line":80,"column":33},"skip":true},{"start":{"line":81,"column":20},"end":{"line":83,"column":30},"skip":true},{"start":{"line":84,"column":20},"end":{"line":85,"column":49},"skip":true}]},"10":{"line":89,"type":"switch","locations":[{"start":{"line":90,"column":12},"end":{"line":103,"column":22},"skip":true},{"start":{"line":105,"column":12},"end":{"line":106,"column":22},"skip":true}]},"11":{"line":89,"type":"binary-expr","locations":[{"start":{"line":89,"column":20},"end":{"line":89,"column":25},"skip":true},{"start":{"line":89,"column":29},"end":{"line":89,"column":48},"skip":true},{"start":{"line":89,"column":52},"end":{"line":89,"column":74},"skip":true}]},"12":{"line":92,"type":"if","locations":[{"start":{"line":92,"column":16},"end":{"line":92,"column":16},"skip":true},{"start":{"line":92,"column":16},"end":{"line":92,"column":16},"skip":true}]},"13":{"line":108,"type":"if","locations":[{"start":{"line":108,"column":12},"end":{"line":108,"column":12},"skip":true},{"start":{"line":108,"column":12},"end":{"line":108,"column":12},"skip":true}]},"14":{"line":108,"type":"binary-expr","locations":[{"start":{"line":108,"column":16},"end":{"line":108,"column":61},"skip":true},{"start":{"line":108,"column":66},"end":{"line":108,"column":72},"skip":true},{"start":{"line":108,"column":77},"end":{"line":108,"column":82},"skip":true},{"start":{"line":109,"column":20},"end":{"line":109,"column":39},"skip":true},{"start":{"line":110,"column":20},"end":{"line":110,"column":49},"skip":true},{"start":{"line":111,"column":20},"end":{"line":111,"column":58},"skip":true},{"start":{"line":112,"column":20},"end":{"line":112,"column":68},"skip":true}]},"15":{"line":129,"type":"if","locations":[{"start":{"line":129,"column":16},"end":{"line":129,"column":16},"skip":true},{"start":{"line":129,"column":16},"end":{"line":129,"column":16},"skip":true}]},"16":{"line":134,"type":"cond-expr","locations":[{"start":{"line":135,"column":26},"end":{"line":135,"column":29},"skip":true},{"start":{"line":136,"column":26},"end":{"line":136,"column":54},"skip":true}]},"17":{"line":164,"type":"binary-expr","locations":[{"start":{"line":164,"column":27},"end":{"line":164,"column":43},"skip":true},{"start":{"line":164,"column":47},"end":{"line":164,"column":49},"skip":true}]},"18":{"line":258,"type":"if","locations":[{"start":{"line":258,"column":8},"end":{"line":258,"column":8},"skip":true},{"start":{"line":258,"column":8},"end":{"line":258,"column":8},"skip":true}]},"19":{"line":275,"type":"switch","locations":[{"start":{"line":276,"column":20},"end":{"line":277,"column":64},"skip":true},{"start":{"line":278,"column":20},"end":{"line":279,"column":40},"skip":true},{"start":{"line":280,"column":20},"end":{"line":281,"column":40},"skip":true},{"start":{"line":282,"column":20},"end":{"line":283,"column":39},"skip":true}]},"20":{"line":288,"type":"if","locations":[{"start":{"line":288,"column":8},"end":{"line":288,"column":8},"skip":true},{"start":{"line":288,"column":8},"end":{"line":288,"column":8},"skip":true}]},"21":{"line":288,"type":"binary-expr","locations":[{"start":{"line":288,"column":12},"end":{"line":288,"column":40},"skip":true},{"start":{"line":288,"column":44},"end":{"line":288,"column":67},"skip":true}]},"22":{"line":292,"type":"binary-expr","locations":[{"start":{"line":292,"column":12},"end":{"line":292,"column":50},"skip":true},{"start":{"line":293,"column":12},"end":{"line":293,"column":53},"skip":true}]},"23":{"line":297,"type":"binary-expr","locations":[{"start":{"line":297,"column":12},"end":{"line":297,"column":64},"skip":true},{"start":{"line":298,"column":12},"end":{"line":301,"column":36},"skip":true}]},"24":{"line":303,"type":"binary-expr","locations":[{"start":{"line":303,"column":43},"end":{"line":303,"column":75},"skip":true},{"start":{"line":303,"column":79},"end":{"line":303,"column":81},"skip":true}]},"25":{"line":306,"type":"if","locations":[{"start":{"line":306,"column":8},"end":{"line":306,"column":8},"skip":true},{"start":{"line":306,"column":8},"end":{"line":306,"column":8},"skip":true}]},"26":{"line":310,"type":"if","locations":[{"start":{"line":310,"column":8},"end":{"line":310,"column":8},"skip":true},{"start":{"line":310,"column":8},"end":{"line":310,"column":8},"skip":true}]},"27":{"line":313,"type":"binary-expr","locations":[{"start":{"line":313,"column":27},"end":{"line":313,"column":43},"skip":true},{"start":{"line":313,"column":47},"end":{"line":313,"column":53},"skip":true}]},"28":{"line":317,"type":"if","locations":[{"start":{"line":317,"column":12},"end":{"line":317,"column":12},"skip":true},{"start":{"line":317,"column":12},"end":{"line":317,"column":12},"skip":true}]}},"code":["/*","example.js","","quickstart example","","instruction","    1. save this script as example.js","    2. run the shell command:","        $ npm install npmtest-watchr && PORT=8081 node example.js","    3. play with the browser-demo on http://127.0.0.1:8081","*/","","","","/* istanbul instrument in package npmtest_watchr */","/*jslint","    bitwise: true,","    browser: true,","    maxerr: 8,","    maxlen: 96,","    node: true,","    nomen: true,","    regexp: true,","    stupid: true","*/","(function () {","    'use strict';","    var local;","","","","    // run shared js-env code - pre-init","    (function () {","        // init local","        local = {};","        // init modeJs","        local.modeJs = (function () {","            try {","                return typeof navigator.userAgent === 'string' &&","                    typeof document.querySelector('body') === 'object' &&","                    typeof XMLHttpRequest.prototype.open === 'function' &&","                    'browser';","            } catch (errorCaughtBrowser) {","                return module.exports &&","                    typeof process.versions.node === 'string' &&","                    typeof require('http').createServer === 'function' &&","                    'node';","            }","        }());","        // init global","        local.global = local.modeJs === 'browser'","            ? window","            : global;","        // init utility2_rollup","        local = local.global.utility2_rollup || (local.modeJs === 'browser'","            ? local.global.utility2_npmtest_watchr","            : global.utility2_moduleExports);","        // export local","        local.global.local = local;","    }());","    switch (local.modeJs) {","","","","    // post-init","    // run browser js-env code - post-init","    /* istanbul ignore next */","    case 'browser':","        local.testRunBrowser = function (event) {","            if (!event || (event &&","                    event.currentTarget &&","                    event.currentTarget.className &&","                    event.currentTarget.className.includes &&","                    event.currentTarget.className.includes('onreset'))) {","                // reset output","                Array.from(","                    document.querySelectorAll('body > .resettable')","                ).forEach(function (element) {","                    switch (element.tagName) {","                    case 'INPUT':","                    case 'TEXTAREA':","                        element.value = '';","                        break;","                    default:","                        element.textContent = '';","                    }","                });","            }","            switch (event && event.currentTarget && event.currentTarget.id) {","            case 'testRunButton1':","                // show tests","                if (document.querySelector('#testReportDiv1').style.display === 'none') {","                    document.querySelector('#testReportDiv1').style.display = 'block';","                    document.querySelector('#testRunButton1').textContent =","                        'hide internal test';","                    local.modeTest = true;","                    local.testRunDefault(local);","                // hide tests","                } else {","                    document.querySelector('#testReportDiv1').style.display = 'none';","                    document.querySelector('#testRunButton1').textContent = 'run internal test';","                }","                break;","            // custom-case","            default:","                break;","            }","            if (document.querySelector('#inputTextareaEval1') && (!event || (event &&","                    event.currentTarget &&","                    event.currentTarget.className &&","                    event.currentTarget.className.includes &&","                    event.currentTarget.className.includes('oneval')))) {","                // try to eval input-code","                try {","                    /*jslint evil: true*/","                    eval(document.querySelector('#inputTextareaEval1').value);","                } catch (errorCaught) {","                    console.error(errorCaught);","                }","            }","        };","        // log stderr and stdout to #outputTextareaStdout1","        ['error', 'log'].forEach(function (key) {","            console[key + '_original'] = console[key];","            console[key] = function () {","                var element;","                console[key + '_original'].apply(console, arguments);","                element = document.querySelector('#outputTextareaStdout1');","                if (!element) {","                    return;","                }","                // append text to #outputTextareaStdout1","                element.value += Array.from(arguments).map(function (arg) {","                    return typeof arg === 'string'","                        ? arg","                        : JSON.stringify(arg, null, 4);","                }).join(' ') + '\\n';","                // scroll textarea to bottom","                element.scrollTop = element.scrollHeight;","            };","        });","        // init event-handling","        ['change', 'click', 'keyup'].forEach(function (event) {","            Array.from(document.querySelectorAll('.on' + event)).forEach(function (element) {","                element.addEventListener(event, local.testRunBrowser);","            });","        });","        // run tests","        local.testRunBrowser();","        break;","","","","    // run node js-env code - post-init","    /* istanbul ignore next */","    case 'node':","        // export local","        module.exports = local;","        // require modules","        local.fs = require('fs');","        local.http = require('http');","        local.url = require('url');","        // init assets","        local.assetsDict = local.assetsDict || {};","        /* jslint-ignore-begin */","        local.assetsDict['/assets.index.template.html'] = '\\","<!doctype html>\\n\\","<html lang=\"en\">\\n\\","<head>\\n\\","<meta charset=\"UTF-8\">\\n\\","<meta name=\"viewport\" content=\"width=device-width, initial-scale=1\">\\n\\","<title>{{env.npm_package_name}} (v{{env.npm_package_version}})</title>\\n\\","<style>\\n\\","/*csslint\\n\\","    box-sizing: false,\\n\\","    universal-selector: false\\n\\","*/\\n\\","* {\\n\\","    box-sizing: border-box;\\n\\","}\\n\\","body {\\n\\","    background: #dde;\\n\\","    font-family: Arial, Helvetica, sans-serif;\\n\\","    margin: 2rem;\\n\\","}\\n\\","body > * {\\n\\","    margin-bottom: 1rem;\\n\\","}\\n\\",".utility2FooterDiv {\\n\\","    margin-top: 20px;\\n\\","    text-align: center;\\n\\","}\\n\\","</style>\\n\\","<style>\\n\\","/*csslint\\n\\","*/\\n\\","textarea {\\n\\","    font-family: monospace;\\n\\","    height: 10rem;\\n\\","    width: 100%;\\n\\","}\\n\\","textarea[readonly] {\\n\\","    background: #ddd;\\n\\","}\\n\\","</style>\\n\\","</head>\\n\\","<body>\\n\\","<!-- utility2-comment\\n\\","<div id=\"ajaxProgressDiv1\" style=\"background: #d00; height: 2px; left: 0; margin: 0; padding: 0; position: fixed; top: 0; transition: background 0.5s, width 1.5s; width: 25%;\"></div>\\n\\","utility2-comment -->\\n\\","<h1>\\n\\","<!-- utility2-comment\\n\\","    <a\\n\\","        {{#if env.npm_package_homepage}}\\n\\","        href=\"{{env.npm_package_homepage}}\"\\n\\","        {{/if env.npm_package_homepage}}\\n\\","        target=\"_blank\"\\n\\","    >\\n\\","utility2-comment -->\\n\\","        {{env.npm_package_name}} (v{{env.npm_package_version}})\\n\\","<!-- utility2-comment\\n\\","    </a>\\n\\","utility2-comment -->\\n\\","</h1>\\n\\","<h3>{{env.npm_package_description}}</h3>\\n\\","<!-- utility2-comment\\n\\","<h4><a download href=\"assets.app.js\">download standalone app</a></h4>\\n\\","<button class=\"onclick onreset\" id=\"testRunButton1\">run internal test</button><br>\\n\\","<div id=\"testReportDiv1\" style=\"display: none;\"></div>\\n\\","utility2-comment -->\\n\\","\\n\\","\\n\\","\\n\\","<label>stderr and stdout</label>\\n\\","<textarea class=\"resettable\" id=\"outputTextareaStdout1\" readonly></textarea>\\n\\","<!-- utility2-comment\\n\\","{{#if isRollup}}\\n\\","<script src=\"assets.app.js\"></script>\\n\\","{{#unless isRollup}}\\n\\","utility2-comment -->\\n\\","<script src=\"assets.utility2.rollup.js\"></script>\\n\\","<script src=\"jsonp.utility2._stateInit?callback=window.utility2._stateInit\"></script>\\n\\","<script src=\"assets.npmtest_watchr.rollup.js\"></script>\\n\\","<script src=\"assets.example.js\"></script>\\n\\","<script src=\"assets.test.js\"></script>\\n\\","<!-- utility2-comment\\n\\","{{/if isRollup}}\\n\\","utility2-comment -->\\n\\","<div class=\"utility2FooterDiv\">\\n\\","    [ this app was created with\\n\\","    <a href=\"https://github.com/kaizhu256/node-utility2\" target=\"_blank\">utility2</a>\\n\\","    ]\\n\\","</div>\\n\\","</body>\\n\\","</html>\\n\\","';","        /* jslint-ignore-end */","        if (local.templateRender) {","            local.assetsDict['/'] = local.templateRender(","                local.assetsDict['/assets.index.template.html'],","                {","                    env: local.objectSetDefault(local.env, {","                        npm_package_description: 'the greatest app in the world!',","                        npm_package_name: 'my-app',","                        npm_package_nameAlias: 'my_app',","                        npm_package_version: '0.0.1'","                    })","                }","            );","        } else {","            local.assetsDict['/'] = local.assetsDict['/assets.index.template.html']","                .replace((/\\{\\{env\\.(\\w+?)\\}\\}/g), function (match0, match1) {","                    // jslint-hack","                    String(match0);","                    switch (match1) {","                    case 'npm_package_description':","                        return 'the greatest app in the world!';","                    case 'npm_package_name':","                        return 'my-app';","                    case 'npm_package_nameAlias':","                        return 'my_app';","                    case 'npm_package_version':","                        return '0.0.1';","                    }","                });","        }","        // run the cli","        if (local.global.utility2_rollup || module !== require.main) {","            break;","        }","        local.assetsDict['/assets.example.js'] =","            local.assetsDict['/assets.example.js'] ||","            local.fs.readFileSync(__filename, 'utf8');","        // bug-workaround - long $npm_package_buildCustomOrg","        /* jslint-ignore-begin */","        local.assetsDict['/assets.npmtest_watchr.rollup.js'] =","            local.assetsDict['/assets.npmtest_watchr.rollup.js'] ||","            local.fs.readFileSync(","                local.npmtest_watchr.__dirname + '/lib.npmtest_watchr.js',","                'utf8'","            ).replace((/^#!/), '//');","        /* jslint-ignore-end */","        local.assetsDict['/favicon.ico'] = local.assetsDict['/favicon.ico'] || '';","        // if $npm_config_timeout_exit exists,","        // then exit this process after $npm_config_timeout_exit ms","        if (Number(process.env.npm_config_timeout_exit)) {","            setTimeout(process.exit, Number(process.env.npm_config_timeout_exit));","        }","        // start server","        if (local.global.utility2_serverHttp1) {","            break;","        }","        process.env.PORT = process.env.PORT || '8081';","        console.error('server starting on port ' + process.env.PORT);","        local.http.createServer(function (request, response) {","            request.urlParsed = local.url.parse(request.url);","            if (local.assetsDict[request.urlParsed.pathname] !== undefined) {","                response.end(local.assetsDict[request.urlParsed.pathname]);","                return;","            }","            response.statusCode = 404;","            response.end();","        }).listen(process.env.PORT);","        break;","    }","}());",""],"l":{"26":2,"28":2,"33":2,"35":2,"37":2,"38":2,"39":2,"44":1,"51":2,"55":2,"59":2,"61":2,"69":1,"70":2,"76":2,"79":2,"82":2,"83":2,"85":1,"89":2,"92":1,"93":1,"94":1,"96":1,"97":1,"100":1,"101":1,"103":1,"106":1,"108":2,"114":1,"116":1,"118":1,"123":1,"124":2,"125":2,"126":3,"127":3,"128":3,"129":3,"130":1,"133":3,"134":3,"139":3,"143":1,"144":3,"145":1,"149":1,"150":1,"158":1,"160":1,"161":1,"162":1,"164":1,"166":1,"258":1,"259":1,"271":1,"274":6,"275":6,"277":1,"279":2,"281":1,"283":2,"288":1,"289":1,"291":1,"296":1,"303":1,"306":1,"307":1,"310":1,"311":1,"313":1,"314":1,"315":1,"316":1,"317":1,"318":1,"319":1,"321":1,"322":1,"324":1}},"/home/travis/build/npmtest/node-npmtest-watchr/node_modules/watchr/index.js":{"path":"/home/travis/build/npmtest/node-npmtest-watchr/node_modules/watchr/index.js","s":{"1":1},"b":{},"f":{},"fnMap":{},"statementMap":{"1":{"start":{"line":3,"column":0},"end":{"line":3,"column":71}}},"branchMap":{},"code":["// 2016 March 8","// https://github.com/bevry/editions","module.exports = require('editions').requirePackage(__dirname, require)",""],"l":{"3":1}},"/home/travis/build/npmtest/node-npmtest-watchr/node_modules/watchr/es2015/index.js":{"path":"/home/travis/build/npmtest/node-npmtest-watchr/node_modules/watchr/es2015/index.js","s":{"1":1,"2":1,"3":2,"4":16,"5":16,"6":16,"7":16,"8":16,"9":16,"10":1,"11":2,"12":2,"13":2,"14":0,"15":2,"16":1,"17":0,"18":0,"19":1,"20":0,"21":0,"22":0,"23":1,"24":2,"25":0,"26":2,"27":2,"28":2,"29":1,"30":1,"31":1,"32":1,"33":1,"34":1,"35":1,"36":1,"37":1,"38":1,"39":1,"40":0,"41":1,"42":0,"43":0,"44":0,"45":0,"46":1,"47":0,"48":0,"49":0,"50":1,"51":1,"52":1,"53":0,"54":0,"55":0,"56":0,"57":0,"58":0,"59":0,"60":0,"61":0,"62":0,"63":0,"64":0,"65":0,"66":0,"67":0,"68":0,"69":0,"70":0,"71":1,"72":0,"73":0,"74":0,"75":0,"76":0,"77":0,"78":0,"79":0,"80":0,"81":0,"82":0,"83":0,"84":0,"85":0,"86":0,"87":0,"88":0,"89":1,"90":1,"91":1,"92":1,"93":0,"94":0,"95":0,"96":0,"97":0,"98":0,"99":0,"100":0,"101":0,"102":0,"103":0,"104":1,"105":0,"106":0,"107":0,"108":0,"109":0,"110":0,"111":0,"112":0,"113":0,"114":0,"115":0,"116":0,"117":0,"118":0,"119":0,"120":0,"121":0,"122":0,"123":0,"124":0,"125":0,"126":0,"127":0,"128":0,"129":0,"130":0,"131":0,"132":0,"133":0,"134":0,"135":0,"136":0,"137":0,"138":0,"139":0,"140":0,"141":0,"142":0,"143":0,"144":0,"145":0,"146":0,"147":0,"148":0,"149":0,"150":0,"151":0,"152":0,"153":0,"154":0,"155":0,"156":0,"157":0,"158":0,"159":0,"160":0,"161":0,"162":0,"163":0,"164":0,"165":0,"166":0,"167":0,"168":0,"169":0,"170":0,"171":0,"172":0,"173":0,"174":0,"175":0,"176":0,"177":0,"178":0,"179":0,"180":0,"181":0,"182":0,"183":0,"184":0,"185":0,"186":0,"187":0,"188":0,"189":0,"190":0,"191":0,"192":0,"193":0,"194":0,"195":0,"196":0,"197":0,"198":0,"199":0,"200":0,"201":0,"202":0,"203":0,"204":0,"205":0,"206":0,"207":0,"208":0,"209":0,"210":0,"211":0,"212":0,"213":0,"214":0,"215":0,"216":0,"217":0,"218":0,"219":0,"220":0,"221":0,"222":0,"223":0,"224":0,"225":0,"226":0,"227":0,"228":0,"229":0,"230":0,"231":0,"232":0,"233":0,"234":0,"235":0,"236":0,"237":0,"238":0,"239":0,"240":0,"241":0,"242":0,"243":0,"244":0,"245":0,"246":0,"247":0,"248":0,"249":0,"250":0,"251":0,"252":0,"253":0,"254":0,"255":0,"256":0,"257":0,"258":0,"259":0,"260":0,"261":0,"262":0,"263":0,"264":0,"265":0,"266":0,"267":0,"268":0,"269":0,"270":0,"271":0,"272":0,"273":0,"274":0,"275":0,"276":0,"277":0,"278":0,"279":0,"280":0,"281":0,"282":0,"283":0,"284":0,"285":0,"286":0,"287":0,"288":0,"289":0,"290":0,"291":0,"292":0,"293":0,"294":0,"295":0,"296":0,"297":0,"298":0,"299":0,"300":0,"301":0,"302":0,"303":0,"304":0,"305":0,"306":0,"307":0,"308":0,"309":0,"310":0,"311":0,"312":0,"313":0,"314":0,"315":0,"316":0,"317":0,"318":0,"319":0,"320":0,"321":0,"322":0,"323":0,"324":0,"325":0,"326":0,"327":0,"328":0,"329":0,"330":0,"331":0,"332":0,"333":0,"334":0,"335":0,"336":0,"337":0,"338":0,"339":0,"340":0,"341":0,"342":0,"343":0,"344":0,"345":0,"346":1,"347":1},"b":{"1":[16,16],"2":[16,0],"3":[2,0],"4":[0,2],"5":[0,0],"6":[0,0],"7":[0,0],"8":[0,0,0],"9":[0,2],"10":[2,0],"11":[2,2],"12":[2,0],"13":[2,0],"14":[0,0,0],"15":[0,0],"16":[0,0],"17":[0,0],"18":[0,0],"19":[0,0],"20":[0,0],"21":[0,0],"22":[0,0],"23":[0,0],"24":[0,0],"25":[0,0],"26":[0,0],"27":[0,0],"28":[0,0],"29":[0,0],"30":[0,0],"31":[0,0],"32":[0,0],"33":[0,0],"34":[0,0],"35":[0,0],"36":[0,0],"37":[0,0],"38":[0,0],"39":[0,0],"40":[0,0],"41":[0,0],"42":[0,0],"43":[0,0],"44":[0,0],"45":[0,0],"46":[0,0],"47":[0,0],"48":[0,0],"49":[0,0],"50":[0,0],"51":[0,0],"52":[0,0],"53":[0,0],"54":[0,0],"55":[0,0],"56":[0,0],"57":[0,0],"58":[0,0],"59":[0,0],"60":[0,0],"61":[0,0],"62":[0,0],"63":[0,0],"64":[0,0],"65":[0,0],"66":[0,0],"67":[0,0],"68":[0,0,0],"69":[0,0],"70":[0,0],"71":[0,0],"72":[0,0],"73":[0,0],"74":[0,0],"75":[0,0],"76":[0,0],"77":[0,0],"78":[0,0]},"f":{"1":1,"2":2,"3":2,"4":0,"5":0,"6":2,"7":0,"8":0,"9":0,"10":1,"11":0,"12":0,"13":0,"14":0,"15":0,"16":0,"17":0,"18":0,"19":0,"20":1,"21":0,"22":0,"23":0,"24":0,"25":0,"26":0,"27":0,"28":0,"29":0,"30":0,"31":0,"32":0,"33":0,"34":0,"35":0,"36":0,"37":0,"38":0,"39":0,"40":0,"41":0,"42":0,"43":0,"44":0,"45":0,"46":0,"47":0,"48":0,"49":0,"50":0,"51":0,"52":0,"53":0,"54":0,"55":0,"56":0,"57":0,"58":0},"fnMap":{"1":{"name":"(anonymous_1)","line":7,"loc":{"start":{"line":7,"column":19},"end":{"line":7,"column":31}}},"2":{"name":"defineProperties","line":7,"loc":{"start":{"line":7,"column":33},"end":{"line":7,"column":74}}},"3":{"name":"(anonymous_3)","line":7,"loc":{"start":{"line":7,"column":357},"end":{"line":7,"column":405}}},"4":{"name":"_classCallCheck","line":9,"loc":{"start":{"line":9,"column":0},"end":{"line":9,"column":48}}},"5":{"name":"_possibleConstructorReturn","line":11,"loc":{"start":{"line":11,"column":0},"end":{"line":11,"column":48}}},"6":{"name":"_inherits","line":13,"loc":{"start":{"line":13,"column":0},"end":{"line":13,"column":41}}},"7":{"name":"errorToString","line":82,"loc":{"start":{"line":82,"column":0},"end":{"line":82,"column":43}}},"8":{"name":"open","line":94,"loc":{"start":{"line":94,"column":0},"end":{"line":94,"column":88}}},"9":{"name":"create","line":106,"loc":{"start":{"line":106,"column":0},"end":{"line":106,"column":35}}},"10":{"name":"(anonymous_10)","line":125,"loc":{"start":{"line":125,"column":14},"end":{"line":125,"column":39}}},"11":{"name":"Stalker","line":134,"loc":{"start":{"line":134,"column":1},"end":{"line":134,"column":38}}},"12":{"name":"(anonymous_12)","line":151,"loc":{"start":{"line":151,"column":30},"end":{"line":151,"column":42}}},"13":{"name":"(anonymous_13)","line":157,"loc":{"start":{"line":157,"column":26},"end":{"line":157,"column":57}}},"14":{"name":"(anonymous_14)","line":160,"loc":{"start":{"line":160,"column":29},"end":{"line":160,"column":60}}},"15":{"name":"remove","line":175,"loc":{"start":{"line":175,"column":9},"end":{"line":175,"column":27}}},"16":{"name":"(anonymous_16)","line":185,"loc":{"start":{"line":185,"column":20},"end":{"line":185,"column":32}}},"17":{"name":"close","line":202,"loc":{"start":{"line":202,"column":9},"end":{"line":202,"column":47}}},"18":{"name":"setConfig","line":224,"loc":{"start":{"line":224,"column":9},"end":{"line":224,"column":47}}},"19":{"name":"watch","line":239,"loc":{"start":{"line":239,"column":9},"end":{"line":239,"column":43}}},"20":{"name":"(anonymous_20)","line":275,"loc":{"start":{"line":275,"column":14},"end":{"line":275,"column":40}}},"21":{"name":"Watcher","line":292,"loc":{"start":{"line":292,"column":1},"end":{"line":292,"column":38}}},"22":{"name":"setConfig","line":343,"loc":{"start":{"line":343,"column":9},"end":{"line":343,"column":53}}},"23":{"name":"log","line":365,"loc":{"start":{"line":365,"column":9},"end":{"line":365,"column":41}}},"24":{"name":"getIgnoredOptions","line":385,"loc":{"start":{"line":385,"column":9},"end":{"line":385,"column":38}}},"25":{"name":"isIgnoredPath","line":404,"loc":{"start":{"line":404,"column":9},"end":{"line":404,"column":52}}},"26":{"name":"getStat","line":423,"loc":{"start":{"line":423,"column":9},"end":{"line":423,"column":75}}},"27":{"name":"(anonymous_27)","line":433,"loc":{"start":{"line":433,"column":30},"end":{"line":433,"column":51}}},"28":{"name":"listener","line":481,"loc":{"start":{"line":481,"column":9},"end":{"line":481,"column":83}}},"29":{"name":"next","line":488,"loc":{"start":{"line":488,"column":11},"end":{"line":488,"column":30}}},"30":{"name":"(anonymous_30)","line":506,"loc":{"start":{"line":506,"column":37},"end":{"line":506,"column":49}}},"31":{"name":"(anonymous_31)","line":525,"loc":{"start":{"line":525,"column":51},"end":{"line":525,"column":71}}},"32":{"name":"(anonymous_32)","line":537,"loc":{"start":{"line":537,"column":31},"end":{"line":537,"column":49}}},"33":{"name":"(anonymous_33)","line":557,"loc":{"start":{"line":557,"column":37},"end":{"line":557,"column":58}}},"34":{"name":"(anonymous_34)","line":570,"loc":{"start":{"line":570,"column":50},"end":{"line":570,"column":70}}},"35":{"name":"(anonymous_35)","line":598,"loc":{"start":{"line":598,"column":44},"end":{"line":598,"column":79}}},"36":{"name":"(anonymous_36)","line":618,"loc":{"start":{"line":618,"column":32},"end":{"line":618,"column":69}}},"37":{"name":"(anonymous_37)","line":626,"loc":{"start":{"line":626,"column":28},"end":{"line":626,"column":68}}},"38":{"name":"(anonymous_38)","line":647,"loc":{"start":{"line":647,"column":33},"end":{"line":647,"column":66}}},"39":{"name":"(anonymous_39)","line":661,"loc":{"start":{"line":661,"column":37},"end":{"line":661,"column":57}}},"40":{"name":"(anonymous_40)","line":669,"loc":{"start":{"line":669,"column":10},"end":{"line":669,"column":25}}},"41":{"name":"close","line":697,"loc":{"start":{"line":697,"column":9},"end":{"line":697,"column":26}}},"42":{"name":"(anonymous_42)","line":707,"loc":{"start":{"line":707,"column":24},"end":{"line":707,"column":41}}},"43":{"name":"watchChild","line":749,"loc":{"start":{"line":749,"column":9},"end":{"line":749,"column":98}}},"44":{"name":"(anonymous_44)","line":760,"loc":{"start":{"line":760,"column":23},"end":{"line":760,"column":35}}},"45":{"name":"(anonymous_45)","line":763,"loc":{"start":{"line":763,"column":19},"end":{"line":763,"column":31}}},"46":{"name":"(anonymous_46)","line":770,"loc":{"start":{"line":770,"column":22},"end":{"line":770,"column":34}}},"47":{"name":"watchChildren","line":812,"loc":{"start":{"line":812,"column":9},"end":{"line":812,"column":79}}},"48":{"name":"action","line":839,"loc":{"start":{"line":839,"column":13},"end":{"line":839,"column":63}}},"49":{"name":"watchMethod","line":867,"loc":{"start":{"line":867,"column":9},"end":{"line":867,"column":94}}},"50":{"name":"(anonymous_50)","line":880,"loc":{"start":{"line":880,"column":46},"end":{"line":880,"column":58}}},"51":{"name":"(anonymous_51)","line":910,"loc":{"start":{"line":910,"column":8},"end":{"line":910,"column":20}}},"52":{"name":"watchSelf","line":944,"loc":{"start":{"line":944,"column":9},"end":{"line":944,"column":82}}},"53":{"name":"(anonymous_53)","line":959,"loc":{"start":{"line":959,"column":29},"end":{"line":959,"column":44}}},"54":{"name":"(anonymous_54)","line":975,"loc":{"start":{"line":975,"column":34},"end":{"line":975,"column":51}}},"55":{"name":"watch","line":1000,"loc":{"start":{"line":1000,"column":9},"end":{"line":1000,"column":43}}},"56":{"name":"(anonymous_56)","line":1029,"loc":{"start":{"line":1029,"column":20},"end":{"line":1029,"column":35}}},"57":{"name":"(anonymous_57)","line":1033,"loc":{"start":{"line":1033,"column":25},"end":{"line":1033,"column":40}}},"58":{"name":"(anonymous_58)","line":1037,"loc":{"start":{"line":1037,"column":30},"end":{"line":1037,"column":45}}}},"statementMap":{"1":{"start":{"line":7,"column":0},"end":{"line":7,"column":564}},"2":{"start":{"line":7,"column":33},"end":{"line":7,"column":349}},"3":{"start":{"line":7,"column":76},"end":{"line":7,"column":347}},"4":{"start":{"line":7,"column":117},"end":{"line":7,"column":143}},"5":{"start":{"line":7,"column":144},"end":{"line":7,"column":199}},"6":{"start":{"line":7,"column":200},"end":{"line":7,"column":231}},"7":{"start":{"line":7,"column":232},"end":{"line":7,"column":286}},"8":{"start":{"line":7,"column":259},"end":{"line":7,"column":286}},"9":{"start":{"line":7,"column":287},"end":{"line":7,"column":345}},"10":{"start":{"line":7,"column":350},"end":{"line":7,"column":559}},"11":{"start":{"line":7,"column":407},"end":{"line":7,"column":475}},"12":{"start":{"line":7,"column":423},"end":{"line":7,"column":475}},"13":{"start":{"line":7,"column":476},"end":{"line":7,"column":536}},"14":{"start":{"line":7,"column":493},"end":{"line":7,"column":536}},"15":{"start":{"line":7,"column":537},"end":{"line":7,"column":556}},"16":{"start":{"line":9,"column":0},"end":{"line":9,"column":153}},"17":{"start":{"line":9,"column":50},"end":{"line":9,"column":151}},"18":{"start":{"line":9,"column":92},"end":{"line":9,"column":149}},"19":{"start":{"line":11,"column":0},"end":{"line":11,"column":240}},"20":{"start":{"line":11,"column":50},"end":{"line":11,"column":151}},"21":{"start":{"line":11,"column":63},"end":{"line":11,"column":149}},"22":{"start":{"line":11,"column":152},"end":{"line":11,"column":238}},"23":{"start":{"line":13,"column":0},"end":{"line":13,"column":494}},"24":{"start":{"line":13,"column":43},"end":{"line":13,"column":208}},"25":{"start":{"line":13,"column":106},"end":{"line":13,"column":206}},"26":{"start":{"line":13,"column":209},"end":{"line":13,"column":373}},"27":{"start":{"line":13,"column":374},"end":{"line":13,"column":492}},"28":{"start":{"line":13,"column":390},"end":{"line":13,"column":492}},"29":{"start":{"line":15,"column":0},"end":{"line":15,"column":31}},"30":{"start":{"line":16,"column":0},"end":{"line":16,"column":39}},"31":{"start":{"line":17,"column":0},"end":{"line":17,"column":31}},"32":{"start":{"line":18,"column":0},"end":{"line":18,"column":35}},"33":{"start":{"line":19,"column":0},"end":{"line":19,"column":33}},"34":{"start":{"line":20,"column":0},"end":{"line":20,"column":29}},"35":{"start":{"line":22,"column":0},"end":{"line":22,"column":36}},"36":{"start":{"line":24,"column":0},"end":{"line":24,"column":35}},"37":{"start":{"line":26,"column":0},"end":{"line":26,"column":34}},"38":{"start":{"line":28,"column":0},"end":{"line":28,"column":42}},"39":{"start":{"line":82,"column":0},"end":{"line":84,"column":1}},"40":{"start":{"line":83,"column":1},"end":{"line":83,"column":68}},"41":{"start":{"line":94,"column":0},"end":{"line":99,"column":1}},"42":{"start":{"line":95,"column":1},"end":{"line":95,"column":33}},"43":{"start":{"line":96,"column":1},"end":{"line":96,"column":38}},"44":{"start":{"line":97,"column":1},"end":{"line":97,"column":25}},"45":{"start":{"line":98,"column":1},"end":{"line":98,"column":16}},"46":{"start":{"line":106,"column":0},"end":{"line":112,"column":1}},"47":{"start":{"line":107,"column":1},"end":{"line":109,"column":2}},"48":{"start":{"line":108,"column":2},"end":{"line":108,"column":31}},"49":{"start":{"line":111,"column":1},"end":{"line":111,"column":76}},"50":{"start":{"line":125,"column":0},"end":{"line":248,"column":16}},"51":{"start":{"line":126,"column":1},"end":{"line":126,"column":35}},"52":{"start":{"line":134,"column":1},"end":{"line":164,"column":2}},"53":{"start":{"line":135,"column":2},"end":{"line":135,"column":33}},"54":{"start":{"line":138,"column":2},"end":{"line":138,"column":113}},"55":{"start":{"line":140,"column":2},"end":{"line":140,"column":54}},"56":{"start":{"line":140,"column":32},"end":{"line":140,"column":54}},"57":{"start":{"line":143,"column":2},"end":{"line":143,"column":81}},"58":{"start":{"line":143,"column":38},"end":{"line":143,"column":81}},"59":{"start":{"line":144,"column":2},"end":{"line":144,"column":41}},"60":{"start":{"line":147,"column":2},"end":{"line":147,"column":66}},"61":{"start":{"line":147,"column":38},"end":{"line":147,"column":66}},"62":{"start":{"line":148,"column":2},"end":{"line":148,"column":37}},"63":{"start":{"line":151,"column":2},"end":{"line":154,"column":5}},"64":{"start":{"line":152,"column":3},"end":{"line":152,"column":18}},"65":{"start":{"line":153,"column":3},"end":{"line":153,"column":33}},"66":{"start":{"line":157,"column":2},"end":{"line":159,"column":5}},"67":{"start":{"line":158,"column":3},"end":{"line":158,"column":48}},"68":{"start":{"line":160,"column":2},"end":{"line":162,"column":5}},"69":{"start":{"line":161,"column":3},"end":{"line":161,"column":60}},"70":{"start":{"line":163,"column":2},"end":{"line":163,"column":15}},"71":{"start":{"line":173,"column":1},"end":{"line":245,"column":5}},"72":{"start":{"line":176,"column":3},"end":{"line":176,"column":21}},"73":{"start":{"line":179,"column":3},"end":{"line":179,"column":51}},"74":{"start":{"line":180,"column":3},"end":{"line":182,"column":4}},"75":{"start":{"line":181,"column":4},"end":{"line":181,"column":113}},"76":{"start":{"line":185,"column":3},"end":{"line":187,"column":6}},"77":{"start":{"line":186,"column":4},"end":{"line":186,"column":32}},"78":{"start":{"line":190,"column":3},"end":{"line":190,"column":15}},"79":{"start":{"line":204,"column":3},"end":{"line":204,"column":17}},"80":{"start":{"line":208,"column":3},"end":{"line":210,"column":4}},"81":{"start":{"line":209,"column":4},"end":{"line":209,"column":62}},"82":{"start":{"line":213,"column":3},"end":{"line":213,"column":15}},"83":{"start":{"line":225,"column":3},"end":{"line":225,"column":16}},"84":{"start":{"line":227,"column":3},"end":{"line":227,"column":66}},"85":{"start":{"line":228,"column":3},"end":{"line":228,"column":15}},"86":{"start":{"line":240,"column":3},"end":{"line":240,"column":17}},"87":{"start":{"line":242,"column":3},"end":{"line":242,"column":64}},"88":{"start":{"line":243,"column":3},"end":{"line":243,"column":15}},"89":{"start":{"line":247,"column":1},"end":{"line":247,"column":16}},"90":{"start":{"line":275,"column":0},"end":{"line":1055,"column":16}},"91":{"start":{"line":276,"column":1},"end":{"line":276,"column":36}},"92":{"start":{"line":292,"column":1},"end":{"line":322,"column":2}},"93":{"start":{"line":293,"column":2},"end":{"line":293,"column":33}},"94":{"start":{"line":296,"column":2},"end":{"line":296,"column":114}},"95":{"start":{"line":300,"column":2},"end":{"line":300,"column":21}},"96":{"start":{"line":301,"column":2},"end":{"line":301,"column":21}},"97":{"start":{"line":302,"column":2},"end":{"line":302,"column":26}},"98":{"start":{"line":303,"column":2},"end":{"line":303,"column":23}},"99":{"start":{"line":304,"column":2},"end":{"line":304,"column":27}},"100":{"start":{"line":305,"column":2},"end":{"line":305,"column":34}},"101":{"start":{"line":306,"column":2},"end":{"line":306,"column":32}},"102":{"start":{"line":309,"column":2},"end":{"line":320,"column":4}},"103":{"start":{"line":321,"column":2},"end":{"line":321,"column":16}},"104":{"start":{"line":341,"column":1},"end":{"line":1052,"column":5}},"105":{"start":{"line":345,"column":3},"end":{"line":345,"column":37}},"106":{"start":{"line":348,"column":3},"end":{"line":351,"column":4}},"107":{"start":{"line":349,"column":4},"end":{"line":349,"column":33}},"108":{"start":{"line":350,"column":4},"end":{"line":350,"column":28}},"109":{"start":{"line":354,"column":3},"end":{"line":354,"column":15}},"110":{"start":{"line":366,"column":3},"end":{"line":368,"column":4}},"111":{"start":{"line":367,"column":4},"end":{"line":367,"column":35}},"112":{"start":{"line":371,"column":3},"end":{"line":371,"column":47}},"113":{"start":{"line":374,"column":3},"end":{"line":374,"column":15}},"114":{"start":{"line":387,"column":3},"end":{"line":392,"column":5}},"115":{"start":{"line":406,"column":3},"end":{"line":406,"column":71}},"116":{"start":{"line":409,"column":3},"end":{"line":409,"column":17}},"117":{"start":{"line":424,"column":3},"end":{"line":424,"column":21}},"118":{"start":{"line":427,"column":3},"end":{"line":427,"column":59}},"119":{"start":{"line":430,"column":3},"end":{"line":438,"column":4}},"120":{"start":{"line":431,"column":4},"end":{"line":431,"column":26}},"121":{"start":{"line":433,"column":4},"end":{"line":437,"column":7}},"122":{"start":{"line":434,"column":5},"end":{"line":434,"column":31}},"123":{"start":{"line":434,"column":14},"end":{"line":434,"column":31}},"124":{"start":{"line":435,"column":5},"end":{"line":435,"column":24}},"125":{"start":{"line":436,"column":5},"end":{"line":436,"column":29}},"126":{"start":{"line":441,"column":3},"end":{"line":441,"column":15}},"127":{"start":{"line":482,"column":3},"end":{"line":482,"column":21}},"128":{"start":{"line":485,"column":3},"end":{"line":485,"column":28}},"129":{"start":{"line":486,"column":3},"end":{"line":486,"column":28}},"130":{"start":{"line":487,"column":3},"end":{"line":493,"column":4}},"131":{"start":{"line":488,"column":4},"end":{"line":492,"column":6}},"132":{"start":{"line":489,"column":5},"end":{"line":491,"column":6}},"133":{"start":{"line":490,"column":6},"end":{"line":490,"column":32}},"134":{"start":{"line":496,"column":3},"end":{"line":496,"column":26}},"135":{"start":{"line":497,"column":3},"end":{"line":497,"column":27}},"136":{"start":{"line":500,"column":3},"end":{"line":500,"column":79}},"137":{"start":{"line":503,"column":3},"end":{"line":505,"column":4}},"138":{"start":{"line":504,"column":4},"end":{"line":504,"column":39}},"139":{"start":{"line":506,"column":3},"end":{"line":515,"column":32}},"140":{"start":{"line":507,"column":4},"end":{"line":507,"column":41}},"141":{"start":{"line":508,"column":4},"end":{"line":514,"column":5}},"142":{"start":{"line":509,"column":5},"end":{"line":509,"column":37}},"143":{"start":{"line":510,"column":5},"end":{"line":510,"column":35}},"144":{"start":{"line":511,"column":5},"end":{"line":511,"column":17}},"145":{"start":{"line":513,"column":5},"end":{"line":513,"column":57}},"146":{"start":{"line":518,"column":3},"end":{"line":521,"column":4}},"147":{"start":{"line":519,"column":4},"end":{"line":519,"column":38}},"148":{"start":{"line":520,"column":4},"end":{"line":520,"column":16}},"149":{"start":{"line":524,"column":3},"end":{"line":524,"column":119}},"150":{"start":{"line":525,"column":3},"end":{"line":568,"column":6}},"151":{"start":{"line":527,"column":4},"end":{"line":527,"column":98}},"152":{"start":{"line":530,"column":4},"end":{"line":534,"column":5}},"153":{"start":{"line":531,"column":5},"end":{"line":531,"column":63}},"154":{"start":{"line":532,"column":5},"end":{"line":532,"column":28}},"155":{"start":{"line":533,"column":5},"end":{"line":533,"column":23}},"156":{"start":{"line":537,"column":4},"end":{"line":567,"column":7}},"157":{"start":{"line":539,"column":5},"end":{"line":539,"column":32}},"158":{"start":{"line":542,"column":5},"end":{"line":554,"column":6}},"159":{"start":{"line":544,"column":6},"end":{"line":544,"column":63}},"160":{"start":{"line":547,"column":6},"end":{"line":547,"column":25}},"161":{"start":{"line":548,"column":6},"end":{"line":548,"column":30}},"162":{"start":{"line":549,"column":6},"end":{"line":549,"column":71}},"163":{"start":{"line":552,"column":6},"end":{"line":552,"column":29}},"164":{"start":{"line":553,"column":6},"end":{"line":553,"column":24}},"165":{"start":{"line":557,"column":5},"end":{"line":566,"column":8}},"166":{"start":{"line":559,"column":6},"end":{"line":559,"column":36}},"167":{"start":{"line":559,"column":15},"end":{"line":559,"column":36}},"168":{"start":{"line":562,"column":6},"end":{"line":562,"column":25}},"169":{"start":{"line":565,"column":6},"end":{"line":565,"column":24}},"170":{"start":{"line":570,"column":3},"end":{"line":596,"column":6}},"171":{"start":{"line":572,"column":4},"end":{"line":574,"column":5}},"172":{"start":{"line":573,"column":5},"end":{"line":573,"column":52}},"173":{"start":{"line":578,"column":4},"end":{"line":583,"column":5}},"174":{"start":{"line":579,"column":5},"end":{"line":579,"column":92}},"175":{"start":{"line":582,"column":5},"end":{"line":582,"column":52}},"176":{"start":{"line":586,"column":4},"end":{"line":595,"column":6}},"177":{"start":{"line":587,"column":5},"end":{"line":587,"column":96}},"178":{"start":{"line":588,"column":5},"end":{"line":588,"column":23}},"179":{"start":{"line":593,"column":6},"end":{"line":593,"column":29}},"180":{"start":{"line":594,"column":6},"end":{"line":594,"column":24}},"181":{"start":{"line":598,"column":3},"end":{"line":680,"column":6}},"182":{"start":{"line":600,"column":4},"end":{"line":602,"column":5}},"183":{"start":{"line":601,"column":5},"end":{"line":601,"column":48}},"184":{"start":{"line":605,"column":4},"end":{"line":605,"column":41}},"185":{"start":{"line":608,"column":4},"end":{"line":613,"column":5}},"186":{"start":{"line":610,"column":5},"end":{"line":610,"column":62}},"187":{"start":{"line":611,"column":5},"end":{"line":611,"column":77}},"188":{"start":{"line":612,"column":5},"end":{"line":612,"column":19}},"189":{"start":{"line":618,"column":4},"end":{"line":679,"column":7}},"190":{"start":{"line":620,"column":5},"end":{"line":620,"column":31}},"191":{"start":{"line":620,"column":14},"end":{"line":620,"column":31}},"192":{"start":{"line":623,"column":5},"end":{"line":623,"column":81}},"193":{"start":{"line":626,"column":5},"end":{"line":644,"column":8}},"194":{"start":{"line":628,"column":6},"end":{"line":628,"column":77}},"195":{"start":{"line":628,"column":70},"end":{"line":628,"column":77}},"196":{"start":{"line":631,"column":6},"end":{"line":631,"column":80}},"197":{"start":{"line":634,"column":6},"end":{"line":637,"column":7}},"198":{"start":{"line":635,"column":7},"end":{"line":635,"column":98}},"199":{"start":{"line":636,"column":7},"end":{"line":636,"column":14}},"200":{"start":{"line":640,"column":6},"end":{"line":640,"column":94}},"201":{"start":{"line":641,"column":6},"end":{"line":641,"column":49}},"202":{"start":{"line":642,"column":6},"end":{"line":642,"column":29}},"203":{"start":{"line":643,"column":6},"end":{"line":643,"column":82}},"204":{"start":{"line":647,"column":5},"end":{"line":675,"column":8}},"205":{"start":{"line":649,"column":6},"end":{"line":649,"column":65}},"206":{"start":{"line":649,"column":58},"end":{"line":649,"column":65}},"207":{"start":{"line":652,"column":6},"end":{"line":652,"column":80}},"208":{"start":{"line":655,"column":6},"end":{"line":658,"column":7}},"209":{"start":{"line":656,"column":7},"end":{"line":656,"column":98}},"210":{"start":{"line":657,"column":7},"end":{"line":657,"column":14}},"211":{"start":{"line":661,"column":6},"end":{"line":674,"column":9}},"212":{"start":{"line":662,"column":7},"end":{"line":662,"column":101}},"213":{"start":{"line":663,"column":7},"end":{"line":665,"column":8}},"214":{"start":{"line":664,"column":8},"end":{"line":664,"column":26}},"215":{"start":{"line":666,"column":7},"end":{"line":673,"column":10}},"216":{"start":{"line":670,"column":8},"end":{"line":670,"column":38}},"217":{"start":{"line":670,"column":17},"end":{"line":670,"column":38}},"218":{"start":{"line":671,"column":8},"end":{"line":671,"column":85}},"219":{"start":{"line":672,"column":8},"end":{"line":672,"column":26}},"220":{"start":{"line":678,"column":5},"end":{"line":678,"column":19}},"221":{"start":{"line":685,"column":3},"end":{"line":685,"column":15}},"222":{"start":{"line":698,"column":3},"end":{"line":698,"column":108}},"223":{"start":{"line":701,"column":3},"end":{"line":701,"column":44}},"224":{"start":{"line":701,"column":32},"end":{"line":701,"column":44}},"225":{"start":{"line":704,"column":3},"end":{"line":704,"column":44}},"226":{"start":{"line":707,"column":3},"end":{"line":709,"column":6}},"227":{"start":{"line":708,"column":4},"end":{"line":708,"column":24}},"228":{"start":{"line":712,"column":3},"end":{"line":717,"column":4}},"229":{"start":{"line":713,"column":4},"end":{"line":713,"column":27}},"230":{"start":{"line":714,"column":4},"end":{"line":714,"column":26}},"231":{"start":{"line":716,"column":4},"end":{"line":716,"column":34}},"232":{"start":{"line":720,"column":3},"end":{"line":724,"column":4}},"233":{"start":{"line":721,"column":4},"end":{"line":721,"column":27}},"234":{"start":{"line":723,"column":4},"end":{"line":723,"column":26}},"235":{"start":{"line":727,"column":3},"end":{"line":727,"column":76}},"236":{"start":{"line":728,"column":3},"end":{"line":728,"column":30}},"237":{"start":{"line":731,"column":3},"end":{"line":731,"column":15}},"238":{"start":{"line":751,"column":3},"end":{"line":751,"column":21}},"239":{"start":{"line":754,"column":3},"end":{"line":754,"column":37}},"240":{"start":{"line":757,"column":3},"end":{"line":757,"column":44}},"241":{"start":{"line":760,"column":3},"end":{"line":762,"column":6}},"242":{"start":{"line":761,"column":4},"end":{"line":761,"column":53}},"243":{"start":{"line":763,"column":3},"end":{"line":769,"column":6}},"244":{"start":{"line":764,"column":4},"end":{"line":766,"column":5}},"245":{"start":{"line":765,"column":5},"end":{"line":765,"column":36}},"246":{"start":{"line":768,"column":4},"end":{"line":768,"column":59}},"247":{"start":{"line":770,"column":3},"end":{"line":776,"column":6}},"248":{"start":{"line":771,"column":4},"end":{"line":773,"column":5}},"249":{"start":{"line":772,"column":5},"end":{"line":772,"column":36}},"250":{"start":{"line":775,"column":4},"end":{"line":775,"column":62}},"251":{"start":{"line":779,"column":3},"end":{"line":793,"column":6}},"252":{"start":{"line":796,"column":3},"end":{"line":796,"column":21}},"253":{"start":{"line":799,"column":3},"end":{"line":799,"column":16}},"254":{"start":{"line":814,"column":3},"end":{"line":814,"column":21}},"255":{"start":{"line":817,"column":3},"end":{"line":820,"column":4}},"256":{"start":{"line":818,"column":4},"end":{"line":818,"column":40}},"257":{"start":{"line":819,"column":4},"end":{"line":819,"column":16}},"258":{"start":{"line":823,"column":3},"end":{"line":851,"column":4}},"259":{"start":{"line":824,"column":4},"end":{"line":848,"column":7}},"260":{"start":{"line":841,"column":6},"end":{"line":843,"column":7}},"261":{"start":{"line":842,"column":7},"end":{"line":842,"column":35}},"262":{"start":{"line":846,"column":6},"end":{"line":846,"column":86}},"263":{"start":{"line":850,"column":4},"end":{"line":850,"column":11}},"264":{"start":{"line":854,"column":3},"end":{"line":854,"column":15}},"265":{"start":{"line":868,"column":3},"end":{"line":868,"column":21}},"266":{"start":{"line":870,"column":3},"end":{"line":929,"column":4}},"267":{"start":{"line":872,"column":4},"end":{"line":876,"column":5}},"268":{"start":{"line":873,"column":5},"end":{"line":873,"column":103}},"269":{"start":{"line":874,"column":5},"end":{"line":874,"column":15}},"270":{"start":{"line":875,"column":5},"end":{"line":875,"column":12}},"271":{"start":{"line":879,"colum
[...]
 longer needed","\t\t\t\t\t\ttasks.clearRemaining();","\t\t\t\t\t\treturn complete();","\t\t\t\t\t}","","\t\t\t\t\t// Update the stat of the fil","\t\t\t\t\t_this5.getStat({ reset: true }, function (err, stat) {","\t\t\t\t\t\t// Check","\t\t\t\t\t\tif (err) return complete(err);","","\t\t\t\t\t\t// Update","\t\t\t\t\t\tcurrentStat = stat;","","\t\t\t\t\t\t// Complete","\t\t\t\t\t\treturn complete();","\t\t\t\t\t});","\t\t\t\t});","\t\t\t});","","\t\t\ttasks.addTask('check if the file has changed', function (complete) {","\t\t\t\t// Ensure stats exist","\t\t\t\tif (!currentStat || !previousStat) {","\t\t\t\t\treturn complete(new Error('unexpected state'));","\t\t\t\t}","","\t\t\t\t// Check if there is a different file at the same location","\t\t\t\t// If so, we will need to rewatch the location and the children","\t\t\t\tif (currentStat.ino.toString() !== previousStat.ino.toString()) {","\t\t\t\t\t_this5.log('debug', 'watch found replaced: ' + _this5.path, currentStat, previousStat);","\t\t\t\t\t// note this will close the entire tree of listeners and reinstate them","\t\t\t\t\t// however, as this is probably for a file, it is probably not that bad","\t\t\t\t\treturn _this5.watch({ reset: true }, complete);","\t\t\t\t}","","\t\t\t\t// Check if the file or directory has been modified","\t\t\t\tif (currentStat.mtime.toString() !== previousStat.mtime.toString()) {","\t\t\t\t\t_this5.log('debug', 'watch found modification: ' + _this5.path, previousStat, currentStat);","\t\t\t\t\treturn complete();","\t\t\t\t}","","\t\t\t\t// Otherwise it is the same, and nothing is needed to be done","\t\t\t\telse {","\t\t\t\t\t\ttasks.clearRemaining();","\t\t\t\t\t\treturn complete();","\t\t\t\t\t}","\t\t\t});","","\t\t\ttasks.addGroup('check what has changed', function (addGroup, addTask, done) {","\t\t\t\t// Ensure stats exist","\t\t\t\tif (!currentStat || !previousStat) {","\t\t\t\t\treturn done(new Error('unexpected state'));","\t\t\t\t}","","\t\t\t\t// Set this sub group to execute in parallel","\t\t\t\t_this5.setConfig({ concurrency: 0 });","","\t\t\t\t// So let's check if we are a directory","\t\t\t\tif (currentStat.isDirectory() === false) {","\t\t\t\t\t// If we are a file, lets simply emit the change event","\t\t\t\t\t_this5.log('debug', 'watch emit update: ' + _this5.path);","\t\t\t\t\t_this5.emit('change', 'update', _this5.path, currentStat, previousStat);","\t\t\t\t\treturn done();","\t\t\t\t}","","\t\t\t\t// We are a direcotry","\t\t\t\t// Chances are something actually happened to a child (rename or delete)","\t\t\t\t// and if we are the same, then we should scan our children to look for renames and deletes","\t\t\t\tfsUtil.readdir(_this5.path, function (err, newFileRelativePaths) {","\t\t\t\t\t// Error?","\t\t\t\t\tif (err) return done(err);","","\t\t\t\t\t// Log","\t\t\t\t\t_this5.log('debug', 'watch read dir: ' + _this5.path, newFileRelativePaths);","","\t\t\t\t\t// Find deleted files","\t\t\t\t\teachr(_this5.children, function (child, childFileRelativePath) {","\t\t\t\t\t\t// Skip if the file still exists","\t\t\t\t\t\tif (newFileRelativePaths.indexOf(childFileRelativePath) !== -1) return;","","\t\t\t\t\t\t// Fetch full path","\t\t\t\t\t\tvar childFileFullPath = pathUtil.join(_this5.path, childFileRelativePath);","","\t\t\t\t\t\t// Skip if ignored file","\t\t\t\t\t\tif (_this5.isIgnoredPath(childFileFullPath)) {","\t\t\t\t\t\t\t_this5.log('debug', 'watch ignored delete: ' + childFileFullPath + ' via: ' + _this5.path);","\t\t\t\t\t\t\treturn;","\t\t\t\t\t\t}","","\t\t\t\t\t\t// Emit the event and note the change","\t\t\t\t\t\t_this5.log('debug', 'watch emit delete: ' + childFileFullPath + ' via: ' + _this5.path);","\t\t\t\t\t\tvar childPreviousStat = child.watcher.stat;","\t\t\t\t\t\tchild.close('deleted');","\t\t\t\t\t\t_this5.emit('change', 'delete', childFileFullPath, null, childPreviousStat);","\t\t\t\t\t});","","\t\t\t\t\t// Find new files","\t\t\t\t\teachr(newFileRelativePaths, function (childFileRelativePath) {","\t\t\t\t\t\t// Skip if we are already watching this file","\t\t\t\t\t\tif (_this5.children[childFileRelativePath] != null) return;","","\t\t\t\t\t\t// Fetch full path","\t\t\t\t\t\tvar childFileFullPath = pathUtil.join(_this5.path, childFileRelativePath);","","\t\t\t\t\t\t// Skip if ignored file","\t\t\t\t\t\tif (_this5.isIgnoredPath(childFileFullPath)) {","\t\t\t\t\t\t\t_this5.log('debug', 'watch ignored create: ' + childFileFullPath + ' via: ' + _this5.path);","\t\t\t\t\t\t\treturn;","\t\t\t\t\t\t}","","\t\t\t\t\t\t// Emit the event and note the change","\t\t\t\t\t\taddTask('watch the new child', function (complete) {","\t\t\t\t\t\t\t_this5.log('debug', 'watch determined create: ' + childFileFullPath + ' via: ' + _this5.path);","\t\t\t\t\t\t\tif (_this5.children[childFileRelativePath] != null) {","\t\t\t\t\t\t\t\treturn complete(); // this should never occur","\t\t\t\t\t\t\t}","\t\t\t\t\t\t\tvar child = _this5.watchChild({","\t\t\t\t\t\t\t\tfullPath: childFileFullPath,","\t\t\t\t\t\t\t\trelativePath: childFileRelativePath","\t\t\t\t\t\t\t}, function (err) {","\t\t\t\t\t\t\t\tif (err) return complete(err);","\t\t\t\t\t\t\t\t_this5.emit('change', 'create', childFileFullPath, child.watcher.stat, null);","\t\t\t\t\t\t\t\treturn complete();","\t\t\t\t\t\t\t});","\t\t\t\t\t\t});","\t\t\t\t\t});","","\t\t\t\t\t// Read the directory, finished adding tasks to the group","\t\t\t\t\treturn done();","\t\t\t\t});","\t\t\t});","","\t\t\t// Tasks are executed via the timeout thing earlier","","\t\t\t// Chain","\t\t\treturn this;","\t\t}","","\t\t/**","  Close the watching abilities of this watcher and its children if it has any","  And mark the state as deleted or closed, dependning on the reason","  @param {string} [reason='unknown']","  @returns {this}","  */","","\t}, {","\t\tkey: 'close',","\t\tvalue: function close() {","\t\t\tvar reason /* :string */ = arguments.length > 0 && arguments[0] !== undefined ? arguments[0] : 'unknown';","","\t\t\t// Nothing to do? Already closed?","\t\t\tif (this.state !== 'active') return this;","","\t\t\t// Close","\t\t\tthis.log('debug', 'close: ' + this.path);","","\t\t\t// Close our children","\t\t\teachr(this.children, function (child) {","\t\t\t\tchild.close(reason);","\t\t\t});","","\t\t\t// Close watch listener","\t\t\tif (this.fswatcher != null) {","\t\t\t\tthis.fswatcher.close();","\t\t\t\tthis.fswatcher = null;","\t\t\t} else {","\t\t\t\tfsUtil.unwatchFile(this.path);","\t\t\t}","","\t\t\t// Updated state","\t\t\tif (reason === 'deleted') {","\t\t\t\tthis.state = 'deleted';","\t\t\t} else {","\t\t\t\tthis.state = 'closed';","\t\t\t}","","\t\t\t// Emit our close event","\t\t\tthis.log('debug', 'watch closed because ' + reason + ' on ' + this.path);","\t\t\tthis.emit('close', reason);","","\t\t\t// Chain","\t\t\treturn this;","\t\t}","","\t\t/**","  Create the child watcher/stalker for a given sub path of this watcher with inherited configuration","  Once created, attach it to `this.children` and bubble `log` and `change` events","  If the child closes, then delete it from `this.children`","  @private","  @param {Object} opts","  @param {string} opts.fullPath","  @param {string} opts.relativePath","  @param {Stats} [opts.stat]","  @param {function} next - completion callback with signature `error:?Error`","  @returns {this}","  */","","\t}, {","\t\tkey: 'watchChild',","\t\tvalue: function watchChild(opts /* :WatchChildOpts */, next /* :ErrorCallback */) /* :Stalker */{","\t\t\t// Prepare","\t\t\tvar watchr = this;","","\t\t\t// Create the child","\t\t\tvar child = create(opts.fullPath);","","\t\t\t// Apply the child","\t\t\tthis.children[opts.relativePath] = child;","","\t\t\t// Add the extra listaeners","\t\t\tchild.once('close', function () {","\t\t\t\treturn delete watchr.children[opts.relativePath];","\t\t\t});","\t\t\tchild.on('log', function () {","\t\t\t\tfor (var _len3 = arguments.length, args = Array(_len3), _key3 = 0; _key3 < _len3; _key3++) {","\t\t\t\t\targs[_key3] = arguments[_key3];","\t\t\t\t}","","\t\t\t\treturn watchr.emit.apply(watchr, ['log'].concat(args));","\t\t\t});","\t\t\tchild.on('change', function () {","\t\t\t\tfor (var _len4 = arguments.length, args = Array(_len4), _key4 = 0; _key4 < _len4; _key4++) {","\t\t\t\t\targs[_key4] = arguments[_key4];","\t\t\t\t}","","\t\t\t\treturn watchr.emit.apply(watchr, ['change'].concat(args));","\t\t\t});","","\t\t\t// Add the extra configuration","\t\t\tchild.setConfig({","\t\t\t\t// Custom","\t\t\t\tstat: opts.stat,","","\t\t\t\t// Inherit","\t\t\t\tinterval: this.config.interval,","\t\t\t\tpersistent: this.config.persistent,","\t\t\t\tcatchupDelay: this.config.catchupDelay,","\t\t\t\tpreferredMethods: this.config.preferredMethods,","\t\t\t\tignorePaths: this.config.ignorePaths,","\t\t\t\tignoreHiddenFiles: this.config.ignoreHiddenFiles,","\t\t\t\tignoreCommonPatterns: this.config.ignoreCommonPatterns,","\t\t\t\tignoreCustomPatterns: this.config.ignoreCustomPatterns,","\t\t\t\tfollowLinks: this.config.followLinks","\t\t\t});","","\t\t\t// Start the watching","\t\t\tchild.watch(next);","","\t\t\t// Return the child","\t\t\treturn child;","\t\t}","","\t\t/**","  Read the directory at our given path and watch each child","  @private","  @param {Object} opts - not currently used","  @param {function} next - completion callback with signature `error:?Error`","  @returns {this}","  */","","\t}, {","\t\tkey: 'watchChildren',","\t\tvalue: function watchChildren(opts /* :Object */, next /* :ErrorCallback */) {","\t\t\t// Prepare","\t\t\tvar watchr = this;","","\t\t\t// Check stat","\t\t\tif (this.stat == null) {","\t\t\t\tnext(new Error('unexpected state'));","\t\t\t\treturn this;","\t\t\t}","","\t\t\t// Cycle through the directory if necessary","\t\t\tif (this.stat.isDirectory()) {","\t\t\t\tscandir({","\t\t\t\t\t// Path","\t\t\t\t\tpath: this.path,","","\t\t\t\t\t// Options","\t\t\t\t\tignorePaths: this.config.ignorePaths,","\t\t\t\t\tignoreHiddenFiles: this.config.ignoreHiddenFiles,","\t\t\t\t\tignoreCommonPatterns: this.config.ignoreCommonPatterns,","\t\t\t\t\tignoreCustomPatterns: this.config.ignoreCustomPatterns,","\t\t\t\t\trecurse: false,","","\t\t\t\t\t// Next","\t\t\t\t\tnext: next,","","\t\t\t\t\t// File and Directory Actions","\t\t\t\t\taction: function action(fullPath, relativePath, nextFile) {","\t\t\t\t\t\t// Check we are still releveant","\t\t\t\t\t\tif (watchr.state !== 'active') {","\t\t\t\t\t\t\treturn nextFile(null, true); // skip without error","\t\t\t\t\t\t}","","\t\t\t\t\t\t// Watch this child","\t\t\t\t\t\twatchr.watchChild({ fullPath: fullPath, relativePath: relativePath }, nextFile);","\t\t\t\t\t}","\t\t\t\t});","\t\t\t} else {","\t\t\t\tnext();","\t\t\t}","","\t\t\t// Chain","\t\t\treturn this;","\t\t}","","\t\t/**","  Setup the watching using the specified method","  @private","  @param {string} method","  @param {function} next - completion callback with signature `error:?Error`","  @returns {void}","  */","","\t}, {","\t\tkey: 'watchMethod',","\t\tvalue: function watchMethod(method /* :MethodEnum */, next /* :ErrorCallback */) /* :void */{","\t\t\tvar _this6 = this;","","\t\t\tif (method === 'watch') {","\t\t\t\t// Check","\t\t\t\tif (fsUtil.watch == null) {","\t\t\t\t\tvar err = new Error('watch method is not supported on this environment, fs.watch does not exist');","\t\t\t\t\tnext(err);","\t\t\t\t\treturn;","\t\t\t\t}","","\t\t\t\t// Watch","\t\t\t\ttry {","\t\t\t\t\tthis.fswatcher = fsUtil.watch(this.path, function () {","\t\t\t\t\t\tfor (var _len5 = arguments.length, args = Array(_len5), _key5 = 0; _key5 < _len5; _key5++) {","\t\t\t\t\t\t\targs[_key5] = arguments[_key5];","\t\t\t\t\t\t}","","\t\t\t\t\t\treturn _this6.listener({ method: method, args: args });","\t\t\t\t\t});","\t\t\t\t\t// must pass the listener here instead of doing fswatcher.on('change', opts.listener)","\t\t\t\t\t// as the latter is not supported on node 0.6 (only 0.8+)","\t\t\t\t} catch (err) {","\t\t\t\t\tnext(err);","\t\t\t\t\treturn;","\t\t\t\t}","","\t\t\t\t// Success","\t\t\t\tnext();","\t\t\t\treturn;","\t\t\t} else if (method === 'watchFile') {","\t\t\t\t// Check","\t\t\t\tif (fsUtil.watchFile == null) {","\t\t\t\t\tvar _err = new Error('watchFile method is not supported on this environment, fs.watchFile does not exist');","\t\t\t\t\tnext(_err);","\t\t\t\t\treturn;","\t\t\t\t}","","\t\t\t\t// Watch","\t\t\t\ttry {","\t\t\t\t\tfsUtil.watchFile(this.path, {","\t\t\t\t\t\tpersistent: this.config.persistent,","\t\t\t\t\t\tinterval: this.config.interval","\t\t\t\t\t}, function () {","\t\t\t\t\t\tfor (var _len6 = arguments.length, args = Array(_len6), _key6 = 0; _key6 < _len6; _key6++) {","\t\t\t\t\t\t\targs[_key6] = arguments[_key6];","\t\t\t\t\t\t}","","\t\t\t\t\t\treturn _this6.listener({ method: method, args: args });","\t\t\t\t\t});","\t\t\t\t} catch (err) {","\t\t\t\t\tnext(err);","\t\t\t\t\treturn;","\t\t\t\t}","","\t\t\t\t// Success","\t\t\t\tnext();","\t\t\t\treturn;","\t\t\t} else {","\t\t\t\tvar _err2 = new Error('unknown watch method');","\t\t\t\tnext(_err2);","\t\t\t\treturn;","\t\t\t}","\t\t}","","\t\t/**","  Setup watching for our path, in the order of the preferred methods","  @private","  @param {Object} opts","  @param {Array<Error>} [opts.errors] - the current errors that we have received attempting the preferred methods","  @param {Array<string>} [opts.preferredMethods] - fallback to the configuration if not specified","  @param {function} next - completion callback with signature `error:?Error`","  @returns {this}","  */","","\t}, {","\t\tkey: 'watchSelf',","\t\tvalue: function watchSelf(opts /* :WatchSelfOpts */, next /* :ErrorCallback */) {","\t\t\tvar _this7 = this;","","\t\t\t// Prepare","\t\t\tvar _opts$errors = opts.errors;","\t\t\tvar errors = _opts$errors === undefined ? [] : _opts$errors;","\t\t\tvar _opts$preferredMethod = opts.preferredMethods;","\t\t\tvar preferredMethods = _opts$preferredMethod === undefined ? this.config.preferredMethods : _opts$preferredMethod;","","\t\t\topts.errors = errors;","\t\t\topts.preferredMethods = preferredMethods;","","\t\t\t// Attempt the watch methods","\t\t\tif (preferredMethods.length) {","\t\t\t\tvar method = preferredMethods[0];","\t\t\t\tthis.watchMethod(method, function (err) {","\t\t\t\t\tif (err) {","\t\t\t\t\t\t// try again with the next preferred method","\t\t\t\t\t\tpreferredMethods = preferredMethods.slice(1);","\t\t\t\t\t\terrors.push(err);","\t\t\t\t\t\t_this7.watchSelf({ errors: errors, preferredMethods: preferredMethods }, next);","\t\t\t\t\t\treturn;","\t\t\t\t\t}","","\t\t\t\t\t// Apply","\t\t\t\t\t_this7.state = 'active';","","\t\t\t\t\t// Forward","\t\t\t\t\tnext();","\t\t\t\t});","\t\t\t} else {","\t\t\t\tvar _errors = opts.errors.map(function (error) {","\t\t\t\t\treturn error.stack || error.message || error;","\t\t\t\t}).join('\\n');","\t\t\t\tvar err = new Error('no watch methods left to try, failures are:\\n' + _errors);","\t\t\t\tnext(err);","\t\t\t}","","\t\t\t// Chain","\t\t\treturn this;","\t\t}","","\t\t/**","  Setup watching for our path, and our children","  If we are already watching and `opts.reset` is not `true` then all done","  Otherwise, close the current watchers for us and the children via {@link Watcher#close} and setup new ones","  @public","  @param {Object} [opts]","  @param {boolean} [opts.reset=false] - should we always close existing watchers and setup new watchers","  @param {function} next - completion callback with signature `error:?Error`","  @param {Array<*>} args - ignore this argument, it is used just to handle the optional `opts` argument","  @returns {this}","  */","","\t}, {","\t\tkey: 'watch',","\t\tvalue: function watch() /* :Array<any> */{","\t\t\tvar _this8 = this;","","\t\t\t// Handle overloaded signature","\t\t\tvar opts = void 0 /* :ResetOpts */,","\t\t\t    next = void 0; /* :ErrorCallback */","\t\t\tif (arguments.length === 1) {","\t\t\t\topts = {};","\t\t\t\tnext = arguments.length <= 0 ? undefined : arguments[0];","\t\t\t} else if (arguments.length === 2) {","\t\t\t\topts = arguments.length <= 0 ? undefined : arguments[0];","\t\t\t\tnext = arguments.length <= 1 ? undefined : arguments[1];","\t\t\t} else {","\t\t\t\tthrow new Error('unknown arguments');","\t\t\t}","","\t\t\t// Check","\t\t\tif (this.state === 'active' && opts.reset !== true) {","\t\t\t\tnext();","\t\t\t\treturn this;","\t\t\t}","","\t\t\t// Close our all watch listeners","\t\t\tthis.close();","","\t\t\t// Log","\t\t\tthis.log('debug', 'watch init: ' + this.path);","","\t\t\t// Fetch the stat then try again","\t\t\tthis.getStat({}, function (err) {","\t\t\t\tif (err) return next(err);","","\t\t\t\t// Watch ourself","\t\t\t\t_this8.watchSelf({}, function (err) {","\t\t\t\t\tif (err) return next(err);","","\t\t\t\t\t// Watch the children","\t\t\t\t\t_this8.watchChildren({}, function (err) {","\t\t\t\t\t\tif (err) {","\t\t\t\t\t\t\t_this8.close('child failure');","\t\t\t\t\t\t\t_this8.log('debug', 'watch failed on [' + _this8.path + '] with ' + errorToString(err));","\t\t\t\t\t\t} else {","\t\t\t\t\t\t\t_this8.log('debug', 'watch success on [' + _this8.path + ']');","\t\t\t\t\t\t}","\t\t\t\t\t\treturn next(err);","\t\t\t\t\t});","\t\t\t\t});","\t\t\t});","","\t\t\t// Chain","\t\t\treturn this;","\t\t}","\t}]);","","\treturn Watcher;","}(EventEmitter);","","// Now let's provide node.js with our public API","// In other words, what the application that calls us has access to","","","module.exports = { open: open, create: create, Stalker: Stalker, Watcher: Watcher };"],"l":{"7":16,"9":1,"11":1,"13":2,"15":1,"16":1,"17":1,"18":1,"19":1,"20":1,"22":1,"24":1,"26":1,"28":1,"82":1,"83":0,"94":1,"95":0,"96":0,"97":0,"98":0,"106":1,"107":0,"108":0,"111":0,"125":1,"126":1,"134":1,"135":0,"138":0,"140":0,"143":0,"144":0,"147":0,"148":0,"151":0,"152":0,"153":0,"157":0,"158":0,"160":0,"161":0,"163":0,"173":1,"176":0,"179":0,"180":0,"181":0,"185":0,"186":0,"190":0,"204":0,"208":0,"209":0,"213":0,"225":0,"227":0,"228":0,"240":0,"242":0,"243":0,"247":1,"275":1,"276":1,"292":1,"293":0,"296":0,"300":0,"301":0,"302":0,"303":0,"304":0,"305":0,"306":0,"309":0,"321":0,"341":1,"345":0,"348":0,"349":0,"350":0,"354":0,"366":0,"367":0,"371":0,"374":0,"387":0,"406":0,"409":0,"424":0,"427":0,"430":0,"431":0,"433":0,"434":0,"435":0,"436":0,"441":0,"482":0,"485":0,"486":0,"487":0,"488":0,"489":0,"490":0,"496":0,"497":0,"500":0,"503":0,"504":0,"506":0,"507":0,"508":0,"509":0,"510":0,"511":0,"513":0,"518":0,"519":0,"520":0,"524":0,"525":0,"527":0,"530":0,"531":0,"532":0,"533":0,"537":0,"539":0,"542":0,"544":0,"547":0,"548":0,"549":0,"552":0,"553":0,"557":0,"559":0,"562":0,"565":0,"570":0,"572":0,"573":0,"578":0,"579":0,"582":0,"586":0,"587":0,"588":0,"593":0,"594":0,"598":0,"600":0,"601":0,"605":0,"608":0,"610":0,"611":0,"612":0,"618":0,"620":0,"623":0,"626":0,"628":0,"631":0,"634":0,"635":0,"636":0,"640":0,"641":0,"642":0,"643":0,"647":0,"649":0,"652":0,"655":0,"656":0,"657":0,"661":0,"662":0,"663":0,"664":0,"666":0,"670":0,"671":0,"672":0,"678":0,"685":0,"698":0,"701":0,"704":0,"707":0,"708":0,"712":0,"713":0,"714":0,"716":0,"720":0,"721":0,"723":0,"727":0,"728":0,"731":0,"751":0,"754":0,"757":0,"760":0,"761":0,"763":0,"764":0,"765":0,"768":0,"770":0,"771":0,"772":0,"775":0,"779":0,"796":0,"799":0,"814":0,"817":0,"818":0,"819":0,"823":0,"824":0,"841":0,"842":0,"846":0,"850":0,"854":0,"868":0,"870":0,"872":0,"873":0,"874":0,"875":0,"879":0,"880":0,"881":0,"882":0,"885":0,"890":0,"891":0,"895":0,"896":0,"897":0,"899":0,"900":0,"901":0,"902":0,"906":0,"907":0,"911":0,"912":0,"915":0,"918":0,"919":0,"923":0,"924":0,"926":0,"927":0,"928":0,"945":0,"948":0,"949":0,"950":0,"951":0,"953":0,"954":0,"957":0,"958":0,"959":0,"960":0,"962":0,"963":0,"964":0,"965":0,"969":0,"972":0,"975":0,"976":0,"978":0,"979":0,"983":0,"1001":0,"1004":0,"1006":0,"1007":0,"1008":0,"1009":0,"1010":0,"1011":0,"1013":0,"1017":0,"1018":0,"1019":0,"1023":0,"1026":0,"1029":0,"1030":0,"1033":0,"1034":0,"1037":0,"1038":0,"1039":0,"1040":0,"1042":0,"1044":0,"1050":0,"1054":1,"1061":1}}}